# m5.metal
# sift
# Using gemm
# [ read matrix s3://tiledb-andrew/sift/sift_base ]: 1533 ms
# [ read matrix s3://tiledb-andrew/sift/sift_query ]: 320 ms
# [ read matrix s3://tiledb-andrew/sift/sift_groundtruth ]: 283 ms
# tdbMatrix constructor: s3://tiledb-andrew/sift/sift_groundtruth
# [ Load database, query, and ground truth arrays ]: 2982 ms
# Using gemm for query
# [ Get top k ]: 1429 ms
# [ Total time query gemm ]: 9279 ms

# Using gemm
# [ read matrix s3://tiledb-andrew/sift/bigann10M_base ]: 1825 ms
# [ read matrix s3://tiledb-andrew/sift/sift_query ]: 80 ms
# [ Load database, query, and ground truth arrays ]: 2258 ms
# Using blocked gemm for query
# [ Total time blocked query gemm ]: 74527 ms

# Using gemm
# [ read matrix s3://tiledb-andrew/sift/bigann100M_base ]: 243 ms
# [ read matrix s3://tiledb-andrew/sift/sift_query ]: 183 ms
# [ Load database, query, and ground truth arrays ]: 654 ms
# Using blocked gemm for query
# [ Total time blocked query gemm ]: 471197 ms

# Using gemm
# [ read matrix s3://tiledb-andrew/sift/bigann1B_base ]: 256 ms
# [ read matrix s3://tiledb-andrew/sift/sift_query ]: 321 ms
# [ Load database, query, and ground truth arrays ]: 1651 ms
# Using blocked gemm for query
# [ Total time blocked query gemm ]: 4.39266e+06 ms

