{
  "Args": [
    [
      "--block",
      "\"0\""
    ],
    [
      "--db_uri",
      "\"s3://tiledb-andrew/sift/sift_base\""
    ],
    [
      "--debug",
      "true"
    ],
    [
      "--g_uri",
      "\"s3://tiledb-andrew/sift/sift_groundtruth\""
    ],
    [
      "--help",
      "false"
    ],
    [
      "--k",
      "\"10\""
    ],
    [
      "--log",
      "\"flat-shakedown.log\""
    ],
    [
      "--nqueries",
      "\"0\""
    ],
    [
      "--nth",
      "false"
    ],
    [
      "--nthreads",
      "\"0\""
    ],
    [
      "--order",
      "\"gemm\""
    ],
    [
      "--output_uri",
      "null"
    ],
    [
      "--q_uri",
      "\"s3://tiledb-andrew/sift/sift_query\""
    ],
    [
      "--validate",
      "false"
    ],
    [
      "--verbose",
      "true"
    ]
  ],
  "Config": {
    "Build": "Release",
    "Build_date": "2023-05-26 04:54:17",
    "Compiler": {
      "CMAKE_CXX_FLAGS": "-Wall -Wno-unused-variable ",
      "CMAKE_CXX_FLAGS_DEBUG": "-O0 -g -fno-elide-constructors  ",
      "CMAKE_CXX_FLAGS_RELEASE": "-Ofast -march=native -DNDEBUG ",
      "CMAKE_CXX_FLAGS_RELWITHDEBINFO": "-Ofast -g -march=native -DNDEBUG",
      "CXX_COMPILER": "/usr/bin/clang++-14",
      "CXX_COMPILER_ID": "Clang",
      "CXX_VERSION": "14.0.0"
    },
    "GIT_REPO": {
      "GIT_BRANCH": "lums/tmp/queries",
      "GIT_COMMIT_DATE": "2023-05-25",
      "GIT_COMMIT_HASH": "3773d22",
      "GIT_COMMIT_TIME": "21:49:33",
      "GIT_REPO_NAME": "feature-vector-prototype",
      "GIT_REPO_URL": "git@github.com:TileDB-Inc/feature-vector-prototype.git"
    },
    "Program": "/home/lums/feature-vector-prototype/experimental/cmake-build-release/src/flat",
    "Run_date": "Fri May 26 04:54:44 2023",
    "cmake_source_dir": "/home/lums/feature-vector-prototype/experimental",
    "host": "ip-172-31-0-97",
    "tiledb_version": {
      "major": 2,
      "minor": 15,
      "patch": 2
    },
    "uuid": "tpklkmdsazulpreejaiiiaml"
  },
  "Times": {
    "Get top k": 1442.0,
    "Total time query gemm": 8918.0,
    "read matrix s3://tiledb-andrew/sift/sift_base": 1449.0,
    "read matrix s3://tiledb-andrew/sift/sift_groundtruth": 280.0,
    "read matrix s3://tiledb-andrew/sift/sift_query": 181.0
  }
}
{
  "Args": [
    [
      "--block",
      "\"0\""
    ],
    [
      "--db_uri",
      "\"s3://tiledb-andrew/sift/sift_base\""
    ],
    [
      "--debug",
      "true"
    ],
    [
      "--g_uri",
      "\"s3://tiledb-andrew/sift/sift_groundtruth\""
    ],
    [
      "--help",
      "false"
    ],
    [
      "--k",
      "\"10\""
    ],
    [
      "--log",
      "\"flat-shakedown.log\""
    ],
    [
      "--nqueries",
      "\"0\""
    ],
    [
      "--nth",
      "false"
    ],
    [
      "--nthreads",
      "\"0\""
    ],
    [
      "--order",
      "\"gemm\""
    ],
    [
      "--output_uri",
      "null"
    ],
    [
      "--q_uri",
      "\"s3://tiledb-andrew/sift/sift_query\""
    ],
    [
      "--validate",
      "false"
    ],
    [
      "--verbose",
      "true"
    ]
  ],
  "Config": {
    "Build": "Release",
    "Build_date": "2023-05-26 04:54:17",
    "Compiler": {
      "CMAKE_CXX_FLAGS": "-Wall -Wno-unused-variable ",
      "CMAKE_CXX_FLAGS_DEBUG": "-O0 -g -fno-elide-constructors  ",
      "CMAKE_CXX_FLAGS_RELEASE": "-Ofast -march=native -DNDEBUG ",
      "CMAKE_CXX_FLAGS_RELWITHDEBINFO": "-Ofast -g -march=native -DNDEBUG",
      "CXX_COMPILER": "/usr/bin/clang++-14",
      "CXX_COMPILER_ID": "Clang",
      "CXX_VERSION": "14.0.0"
    },
    "GIT_REPO": {
      "GIT_BRANCH": "lums/tmp/queries",
      "GIT_COMMIT_DATE": "2023-05-25",
      "GIT_COMMIT_HASH": "3773d22",
      "GIT_COMMIT_TIME": "21:49:33",
      "GIT_REPO_NAME": "feature-vector-prototype",
      "GIT_REPO_URL": "git@github.com:TileDB-Inc/feature-vector-prototype.git"
    },
    "Program": "/home/lums/feature-vector-prototype/experimental/cmake-build-release/src/flat",
    "Run_date": "Fri May 26 04:55:42 2023",
    "cmake_source_dir": "/home/lums/feature-vector-prototype/experimental",
    "host": "ip-172-31-0-97",
    "tiledb_version": {
      "major": 2,
      "minor": 15,
      "patch": 2
    },
    "uuid": "gxoyidxbvwxpkhlszeetfwht"
  },
  "Times": {
    "Get top k": 1345.0,
    "Total time query gemm": 8970.0,
    "read matrix s3://tiledb-andrew/sift/sift_base": 980.0,
    "read matrix s3://tiledb-andrew/sift/sift_groundtruth": 80.0,
    "read matrix s3://tiledb-andrew/sift/sift_query": 115.0
  }
}
{
  "Args": [
    [
      "--block",
      "\"1000000\""
    ],
    [
      "--db_uri",
      "\"s3://tiledb-andrew/sift/bigann10M_base\""
    ],
    [
      "--debug",
      "true"
    ],
    [
      "--g_uri",
      "null"
    ],
    [
      "--help",
      "false"
    ],
    [
      "--k",
      "\"10\""
    ],
    [
      "--log",
      "\"flat-shakedown.log\""
    ],
    [
      "--nqueries",
      "\"0\""
    ],
    [
      "--nth",
      "false"
    ],
    [
      "--nthreads",
      "\"0\""
    ],
    [
      "--order",
      "\"gemm\""
    ],
    [
      "--output_uri",
      "null"
    ],
    [
      "--q_uri",
      "\"s3://tiledb-andrew/sift/sift_query\""
    ],
    [
      "--validate",
      "false"
    ],
    [
      "--verbose",
      "true"
    ]
  ],
  "Config": {
    "Build": "Release",
    "Build_date": "2023-05-26 04:54:17",
    "Compiler": {
      "CMAKE_CXX_FLAGS": "-Wall -Wno-unused-variable ",
      "CMAKE_CXX_FLAGS_DEBUG": "-O0 -g -fno-elide-constructors  ",
      "CMAKE_CXX_FLAGS_RELEASE": "-Ofast -march=native -DNDEBUG ",
      "CMAKE_CXX_FLAGS_RELWITHDEBINFO": "-Ofast -g -march=native -DNDEBUG",
      "CXX_COMPILER": "/usr/bin/clang++-14",
      "CXX_COMPILER_ID": "Clang",
      "CXX_VERSION": "14.0.0"
    },
    "GIT_REPO": {
      "GIT_BRANCH": "lums/tmp/queries",
      "GIT_COMMIT_DATE": "2023-05-25",
      "GIT_COMMIT_HASH": "3773d22",
      "GIT_COMMIT_TIME": "21:49:33",
      "GIT_REPO_NAME": "feature-vector-prototype",
      "GIT_REPO_URL": "git@github.com:TileDB-Inc/feature-vector-prototype.git"
    },
    "Program": "/home/lums/feature-vector-prototype/experimental/cmake-build-release/src/flat",
    "Run_date": "Fri May 26 04:56:58 2023",
    "cmake_source_dir": "/home/lums/feature-vector-prototype/experimental",
    "host": "ip-172-31-0-97",
    "tiledb_version": {
      "major": 2,
      "minor": 15,
      "patch": 2
    },
    "uuid": "vwgejujuxgdixvccdylimtyk"
  },
  "Times": {
    "Total time blocked query gemm": 74076.0,
    "read matrix s3://tiledb-andrew/sift/bigann10M_base": 1644.0,
    "read matrix s3://tiledb-andrew/sift/sift_query": 79.0
  }
}
{
  "Args": [
    [
      "--block",
      "\"1000000\""
    ],
    [
      "--db_uri",
      "\"s3://tiledb-andrew/sift/bigann100M_base\""
    ],
    [
      "--debug",
      "true"
    ],
    [
      "--g_uri",
      "null"
    ],
    [
      "--help",
      "false"
    ],
    [
      "--k",
      "\"10\""
    ],
    [
      "--log",
      "\"flat-shakedown.log\""
    ],
    [
      "--nqueries",
      "\"0\""
    ],
    [
      "--nth",
      "false"
    ],
    [
      "--nthreads",
      "\"0\""
    ],
    [
      "--order",
      "\"gemm\""
    ],
    [
      "--output_uri",
      "null"
    ],
    [
      "--q_uri",
      "\"s3://tiledb-andrew/sift/sift_query\""
    ],
    [
      "--validate",
      "false"
    ],
    [
      "--verbose",
      "true"
    ]
  ],
  "Config": {
    "Build": "Release",
    "Build_date": "2023-05-26 04:54:17",
    "Compiler": {
      "CMAKE_CXX_FLAGS": "-Wall -Wno-unused-variable ",
      "CMAKE_CXX_FLAGS_DEBUG": "-O0 -g -fno-elide-constructors  ",
      "CMAKE_CXX_FLAGS_RELEASE": "-Ofast -march=native -DNDEBUG ",
      "CMAKE_CXX_FLAGS_RELWITHDEBINFO": "-Ofast -g -march=native -DNDEBUG",
      "CXX_COMPILER": "/usr/bin/clang++-14",
      "CXX_COMPILER_ID": "Clang",
      "CXX_VERSION": "14.0.0"
    },
    "GIT_REPO": {
      "GIT_BRANCH": "lums/tmp/queries",
      "GIT_COMMIT_DATE": "2023-05-25",
      "GIT_COMMIT_HASH": "3773d22",
      "GIT_COMMIT_TIME": "21:49:33",
      "GIT_REPO_NAME": "feature-vector-prototype",
      "GIT_REPO_URL": "git@github.com:TileDB-Inc/feature-vector-prototype.git"
    },
    "Program": "/home/lums/feature-vector-prototype/experimental/cmake-build-release/src/flat",
    "Run_date": "Fri May 26 05:04:46 2023",
    "cmake_source_dir": "/home/lums/feature-vector-prototype/experimental",
    "host": "ip-172-31-0-97",
    "tiledb_version": {
      "major": 2,
      "minor": 15,
      "patch": 2
    },
    "uuid": "qluywcobimkinrksiixsdhho"
  },
  "Times": {
    "Total time blocked query gemm": 467354.0,
    "read matrix s3://tiledb-andrew/sift/bigann100M_base": 246.0,
    "read matrix s3://tiledb-andrew/sift/sift_query": 84.0
  }
}
{
  "Args": [
    [
      "--block",
      "\"1000000\""
    ],
    [
      "--db_uri",
      "\"s3://tiledb-andrew/sift/bigann1B_base\""
    ],
    [
      "--debug",
      "true"
    ],
    [
      "--g_uri",
      "null"
    ],
    [
      "--help",
      "false"
    ],
    [
      "--k",
      "\"10\""
    ],
    [
      "--log",
      "\"flat-shakedown.log\""
    ],
    [
      "--nqueries",
      "\"0\""
    ],
    [
      "--nth",
      "false"
    ],
    [
      "--nthreads",
      "\"0\""
    ],
    [
      "--order",
      "\"gemm\""
    ],
    [
      "--output_uri",
      "null"
    ],
    [
      "--q_uri",
      "\"s3://tiledb-andrew/sift/sift_query\""
    ],
    [
      "--validate",
      "false"
    ],
    [
      "--verbose",
      "true"
    ]
  ],
  "Config": {
    "Build": "Release",
    "Build_date": "2023-05-26 04:54:17",
    "Compiler": {
      "CMAKE_CXX_FLAGS": "-Wall -Wno-unused-variable ",
      "CMAKE_CXX_FLAGS_DEBUG": "-O0 -g -fno-elide-constructors  ",
      "CMAKE_CXX_FLAGS_RELEASE": "-Ofast -march=native -DNDEBUG ",
      "CMAKE_CXX_FLAGS_RELWITHDEBINFO": "-Ofast -g -march=native -DNDEBUG",
      "CXX_COMPILER": "/usr/bin/clang++-14",
      "CXX_COMPILER_ID": "Clang",
      "CXX_VERSION": "14.0.0"
    },
    "GIT_REPO": {
      "GIT_BRANCH": "lums/tmp/queries",
      "GIT_COMMIT_DATE": "2023-05-25",
      "GIT_COMMIT_HASH": "3773d22",
      "GIT_COMMIT_TIME": "21:49:33",
      "GIT_REPO_NAME": "feature-vector-prototype",
      "GIT_REPO_URL": "git@github.com:TileDB-Inc/feature-vector-prototype.git"
    },
    "Program": "/home/lums/feature-vector-prototype/experimental/cmake-build-release/src/flat",
    "Run_date": "Fri May 26 06:16:40 2023",
    "cmake_source_dir": "/home/lums/feature-vector-prototype/experimental",
    "host": "ip-172-31-0-97",
    "tiledb_version": {
      "major": 2,
      "minor": 15,
      "patch": 2
    },
    "uuid": "uztstgjoxwyqjhtddrnsstwq"
  },
  "Times": {
    "Total time blocked query gemm": 4311905.0,
    "read matrix s3://tiledb-andrew/sift/bigann1B_base": 265.0,
    "read matrix s3://tiledb-andrew/sift/sift_query": 132.0
  }
}
{
  "Args": [
    [
      "--block",
      "\"0\""
    ],
    [
      "--db_uri",
      "\"s3://tiledb-andrew/sift/sift_base\""
    ],
    [
      "--debug",
      "true"
    ],
    [
      "--g_uri",
      "\"s3://tiledb-andrew/sift/sift_groundtruth\""
    ],
    [
      "--help",
      "false"
    ],
    [
      "--k",
      "\"10\""
    ],
    [
      "--log",
      "\"flat-shakedown.log\""
    ],
    [
      "--nqueries",
      "\"0\""
    ],
    [
      "--nth",
      "false"
    ],
    [
      "--nthreads",
      "\"0\""
    ],
    [
      "--order",
      "\"gemm\""
    ],
    [
      "--output_uri",
      "null"
    ],
    [
      "--q_uri",
      "\"s3://tiledb-andrew/sift/sift_query\""
    ],
    [
      "--validate",
      "false"
    ],
    [
      "--verbose",
      "true"
    ]
  ],
  "Config": {
    "Build": "Release",
    "Build_date": "2023-05-26 04:54:17",
    "Compiler": {
      "CMAKE_CXX_FLAGS": "-Wall -Wno-unused-variable ",
      "CMAKE_CXX_FLAGS_DEBUG": "-O0 -g -fno-elide-constructors  ",
      "CMAKE_CXX_FLAGS_RELEASE": "-Ofast -march=native -DNDEBUG ",
      "CMAKE_CXX_FLAGS_RELWITHDEBINFO": "-Ofast -g -march=native -DNDEBUG",
      "CXX_COMPILER": "/usr/bin/clang++-14",
      "CXX_COMPILER_ID": "Clang",
      "CXX_VERSION": "14.0.0"
    },
    "GIT_REPO": {
      "GIT_BRANCH": "lums/tmp/queries",
      "GIT_COMMIT_DATE": "2023-05-25",
      "GIT_COMMIT_HASH": "3773d22",
      "GIT_COMMIT_TIME": "21:49:33",
      "GIT_REPO_NAME": "feature-vector-prototype",
      "GIT_REPO_URL": "git@github.com:TileDB-Inc/feature-vector-prototype.git"
    },
    "Program": "/home/lums/feature-vector-prototype/experimental/cmake-build-release/src/flat",
    "Run_date": "Fri May 26 07:00:07 2023",
    "cmake_source_dir": "/home/lums/feature-vector-prototype/experimental",
    "host": "ip-172-31-0-97",
    "tiledb_version": {
      "major": 2,
      "minor": 15,
      "patch": 2
    },
    "uuid": "wjzmmyehwnmthdjbwewgyccj"
  },
  "Times": {
    "Get top k": 1163.0,
    "Total time query gemm": 8469.0,
    "read matrix s3://tiledb-andrew/sift/sift_base": 1447.0,
    "read matrix s3://tiledb-andrew/sift/sift_groundtruth": 226.0,
    "read matrix s3://tiledb-andrew/sift/sift_query": 133.0
  }
}
{
  "Args": [
    [
      "--block",
      "\"1000000\""
    ],
    [
      "--db_uri",
      "\"s3://tiledb-andrew/sift/bigann10M_base\""
    ],
    [
      "--debug",
      "true"
    ],
    [
      "--g_uri",
      "null"
    ],
    [
      "--help",
      "false"
    ],
    [
      "--k",
      "\"10\""
    ],
    [
      "--log",
      "\"flat-shakedown.log\""
    ],
    [
      "--nqueries",
      "\"0\""
    ],
    [
      "--nth",
      "false"
    ],
    [
      "--nthreads",
      "\"0\""
    ],
    [
      "--order",
      "\"gemm\""
    ],
    [
      "--output_uri",
      "null"
    ],
    [
      "--q_uri",
      "\"s3://tiledb-andrew/sift/sift_query\""
    ],
    [
      "--validate",
      "false"
    ],
    [
      "--verbose",
      "true"
    ]
  ],
  "Config": {
    "Build": "Release",
    "Build_date": "2023-05-26 04:54:17",
    "Compiler": {
      "CMAKE_CXX_FLAGS": "-Wall -Wno-unused-variable ",
      "CMAKE_CXX_FLAGS_DEBUG": "-O0 -g -fno-elide-constructors  ",
      "CMAKE_CXX_FLAGS_RELEASE": "-Ofast -march=native -DNDEBUG ",
      "CMAKE_CXX_FLAGS_RELWITHDEBINFO": "-Ofast -g -march=native -DNDEBUG",
      "CXX_COMPILER": "/usr/bin/clang++-14",
      "CXX_COMPILER_ID": "Clang",
      "CXX_VERSION": "14.0.0"
    },
    "GIT_REPO": {
      "GIT_BRANCH": "lums/tmp/queries",
      "GIT_COMMIT_DATE": "2023-05-25",
      "GIT_COMMIT_HASH": "3773d22",
      "GIT_COMMIT_TIME": "21:49:33",
      "GIT_REPO_NAME": "feature-vector-prototype",
      "GIT_REPO_URL": "git@github.com:TileDB-Inc/feature-vector-prototype.git"
    },
    "Program": "/home/lums/feature-vector-prototype/experimental/cmake-build-release/src/flat",
    "Run_date": "Fri May 26 07:01:25 2023",
    "cmake_source_dir": "/home/lums/feature-vector-prototype/experimental",
    "host": "ip-172-31-0-97",
    "tiledb_version": {
      "major": 2,
      "minor": 15,
      "patch": 2
    },
    "uuid": "rgofgyzxnycttiwgxktqkryg"
  },
  "Times": {
    "Total time blocked query gemm": 76459.0,
    "read matrix s3://tiledb-andrew/sift/bigann10M_base": 1693.0,
    "read matrix s3://tiledb-andrew/sift/sift_query": 78.0
  }
}
{
  "Args": [
    [
      "--block",
      "\"1000000\""
    ],
    [
      "--db_uri",
      "\"s3://tiledb-andrew/sift/bigann100M_base\""
    ],
    [
      "--debug",
      "true"
    ],
    [
      "--g_uri",
      "null"
    ],
    [
      "--help",
      "false"
    ],
    [
      "--k",
      "\"10\""
    ],
    [
      "--log",
      "\"flat-shakedown.log\""
    ],
    [
      "--nqueries",
      "\"0\""
    ],
    [
      "--nth",
      "false"
    ],
    [
      "--nthreads",
      "\"0\""
    ],
    [
      "--order",
      "\"gemm\""
    ],
    [
      "--output_uri",
      "null"
    ],
    [
      "--q_uri",
      "\"s3://tiledb-andrew/sift/sift_query\""
    ],
    [
      "--validate",
      "false"
    ],
    [
      "--verbose",
      "true"
    ]
  ],
  "Config": {
    "Build": "Release",
    "Build_date": "2023-05-26 04:54:17",
    "Compiler": {
      "CMAKE_CXX_FLAGS": "-Wall -Wno-unused-variable ",
      "CMAKE_CXX_FLAGS_DEBUG": "-O0 -g -fno-elide-constructors  ",
      "CMAKE_CXX_FLAGS_RELEASE": "-Ofast -march=native -DNDEBUG ",
      "CMAKE_CXX_FLAGS_RELWITHDEBINFO": "-Ofast -g -march=native -DNDEBUG",
      "CXX_COMPILER": "/usr/bin/clang++-14",
      "CXX_COMPILER_ID": "Clang",
      "CXX_VERSION": "14.0.0"
    },
    "GIT_REPO": {
      "GIT_BRANCH": "lums/tmp/queries",
      "GIT_COMMIT_DATE": "2023-05-25",
      "GIT_COMMIT_HASH": "3773d22",
      "GIT_COMMIT_TIME": "21:49:33",
      "GIT_REPO_NAME": "feature-vector-prototype",
      "GIT_REPO_URL": "git@github.com:TileDB-Inc/feature-vector-prototype.git"
    },
    "Program": "/home/lums/feature-vector-prototype/experimental/cmake-build-release/src/flat",
    "Run_date": "Fri May 26 07:09:40 2023",
    "cmake_source_dir": "/home/lums/feature-vector-prototype/experimental",
    "host": "ip-172-31-0-97",
    "tiledb_version": {
      "major": 2,
      "minor": 15,
      "patch": 2
    },
    "uuid": "gwhluuzlghicztyukxvbchoq"
  },
  "Times": {
    "Total time blocked query gemm": 493775.0,
    "read matrix s3://tiledb-andrew/sift/bigann100M_base": 235.0,
    "read matrix s3://tiledb-andrew/sift/sift_query": 269.0
  }
}
{
  "Args": [
    [
      "--block",
      "\"1000000\""
    ],
    [
      "--db_uri",
      "\"s3://tiledb-andrew/sift/bigann1B_base\""
    ],
    [
      "--debug",
      "true"
    ],
    [
      "--g_uri",
      "null"
    ],
    [
      "--help",
      "false"
    ],
    [
      "--k",
      "\"10\""
    ],
    [
      "--log",
      "\"flat-shakedown.log\""
    ],
    [
      "--nqueries",
      "\"0\""
    ],
    [
      "--nth",
      "false"
    ],
    [
      "--nthreads",
      "\"0\""
    ],
    [
      "--order",
      "\"gemm\""
    ],
    [
      "--output_uri",
      "null"
    ],
    [
      "--q_uri",
      "\"s3://tiledb-andrew/sift/sift_query\""
    ],
    [
      "--validate",
      "false"
    ],
    [
      "--verbose",
      "true"
    ]
  ],
  "Config": {
    "Build": "Release",
    "Build_date": "2023-05-26 04:54:17",
    "Compiler": {
      "CMAKE_CXX_FLAGS": "-Wall -Wno-unused-variable ",
      "CMAKE_CXX_FLAGS_DEBUG": "-O0 -g -fno-elide-constructors  ",
      "CMAKE_CXX_FLAGS_RELEASE": "-Ofast -march=native -DNDEBUG ",
      "CMAKE_CXX_FLAGS_RELWITHDEBINFO": "-Ofast -g -march=native -DNDEBUG",
      "CXX_COMPILER": "/usr/bin/clang++-14",
      "CXX_COMPILER_ID": "Clang",
      "CXX_VERSION": "14.0.0"
    },
    "GIT_REPO": {
      "GIT_BRANCH": "lums/tmp/queries",
      "GIT_COMMIT_DATE": "2023-05-25",
      "GIT_COMMIT_HASH": "3773d22",
      "GIT_COMMIT_TIME": "21:49:33",
      "GIT_REPO_NAME": "feature-vector-prototype",
      "GIT_REPO_URL": "git@github.com:TileDB-Inc/feature-vector-prototype.git"
    },
    "Program": "/home/lums/feature-vector-prototype/experimental/cmake-build-release/src/flat",
    "Run_date": "Fri May 26 08:23:35 2023",
    "cmake_source_dir": "/home/lums/feature-vector-prototype/experimental",
    "host": "ip-172-31-0-97",
    "tiledb_version": {
      "major": 2,
      "minor": 15,
      "patch": 2
    },
    "uuid": "hpzcipixzdubtazlvlywizam"
  },
  "Times": {
    "Total time blocked query gemm": 4433369.0,
    "read matrix s3://tiledb-andrew/sift/bigann1B_base": 258.0,
    "read matrix s3://tiledb-andrew/sift/sift_query": 226.0
  }
}
{
  "Args": [
    [
      "--block",
      "\"1000000\""
    ],
    [
      "--db_uri",
      "\"s3://tiledb-andrew/sift/bigann10M_base\""
    ],
    [
      "--debug",
      "true"
    ],
    [
      "--g_uri",
      "\"s3://tiledb-andrew/kmeans/benchmark/bigann_10M_GT_nnids\""
    ],
    [
      "--help",
      "false"
    ],
    [
      "--k",
      "\"10\""
    ],
    [
      "--log",
      "\"flat-shakedown.log\""
    ],
    [
      "--nqueries",
      "\"1\""
    ],
    [
      "--nth",
      "false"
    ],
    [
      "--nthreads",
      "\"0\""
    ],
    [
      "--order",
      "\"vq_heap\""
    ],
    [
      "--output_uri",
      "null"
    ],
    [
      "--q_uri",
      "\"s3://tiledb-andrew/kmeans/benchmark/query_public_10k\""
    ],
    [
      "--validate",
      "false"
    ],
    [
      "--verbose",
      "true"
    ]
  ],
  "Config": {
    "Build": "Release",
    "Build_date": "2023-05-30 23:02:57",
    "Compiler": {
      "CMAKE_CXX_FLAGS": "-Wall -Wno-unused-variable ",
      "CMAKE_CXX_FLAGS_DEBUG": "-O0 -g -fno-elide-constructors  ",
      "CMAKE_CXX_FLAGS_RELEASE": "-Ofast -march=native -DNDEBUG ",
      "CMAKE_CXX_FLAGS_RELWITHDEBINFO": "-Ofast -g -march=native -DNDEBUG",
      "CXX_COMPILER": "/usr/bin/clang++-14",
      "CXX_COMPILER_ID": "Clang",
      "CXX_VERSION": "14.0.0"
    },
    "GIT_REPO": {
      "GIT_BRANCH": "lums/tmp/async_ivf",
      "GIT_COMMIT_DATE": "2023-05-30",
      "GIT_COMMIT_HASH": "9288390",
      "GIT_COMMIT_TIME": "13:25:30",
      "GIT_REPO_NAME": "feature-vector-prototype",
      "GIT_REPO_URL": "git@github.com:TileDB-Inc/feature-vector-prototype.git"
    },
    "Program": "/home/lums/feature-vector-prototype/experimental/cmake-build-release/src/flat",
    "Run_date": "Wed May 31 09:34:12 2023",
    "cmake_source_dir": "/home/lums/feature-vector-prototype/experimental",
    "host": "ip-172-31-0-97",
    "tiledb_version": {
      "major": 2,
      "minor": 15,
      "patch": 2
    },
    "uuid": "yjhocmhkfgrdkakypkkgtfvl"
  },
  "Times": {
    "Total time vq_query_heap": 9459.0,
    "read matrix s3://tiledb-andrew/kmeans/benchmark/bigann_10M_GT_nnids": 269.0,
    "read matrix s3://tiledb-andrew/kmeans/benchmark/query_public_10k": 150.0,
    "read matrix s3://tiledb-andrew/sift/bigann10M_base": 997.0
  }
}
{
  "Args": [
    [
      "--block",
      "\"1000000\""
    ],
    [
      "--db_uri",
      "\"s3://tiledb-andrew/sift/bigann10M_base\""
    ],
    [
      "--debug",
      "true"
    ],
    [
      "--g_uri",
      "\"s3://tiledb-andrew/kmeans/benchmark/bigann_10M_GT_nnids\""
    ],
    [
      "--help",
      "false"
    ],
    [
      "--k",
      "\"10\""
    ],
    [
      "--log",
      "\"flat-shakedown.log\""
    ],
    [
      "--nqueries",
      "\"1\""
    ],
    [
      "--nth",
      "false"
    ],
    [
      "--nthreads",
      "\"0\""
    ],
    [
      "--order",
      "\"vq_heap\""
    ],
    [
      "--output_uri",
      "null"
    ],
    [
      "--q_uri",
      "\"s3://tiledb-andrew/kmeans/benchmark/query_public_10k\""
    ],
    [
      "--validate",
      "true"
    ],
    [
      "--verbose",
      "true"
    ]
  ],
  "Config": {
    "Build": "Release",
    "Build_date": "2023-05-30 23:02:57",
    "Compiler": {
      "CMAKE_CXX_FLAGS": "-Wall -Wno-unused-variable ",
      "CMAKE_CXX_FLAGS_DEBUG": "-O0 -g -fno-elide-constructors  ",
      "CMAKE_CXX_FLAGS_RELEASE": "-Ofast -march=native -DNDEBUG ",
      "CMAKE_CXX_FLAGS_RELWITHDEBINFO": "-Ofast -g -march=native -DNDEBUG",
      "CXX_COMPILER": "/usr/bin/clang++-14",
      "CXX_COMPILER_ID": "Clang",
      "CXX_VERSION": "14.0.0"
    },
    "GIT_REPO": {
      "GIT_BRANCH": "lums/tmp/async_ivf",
      "GIT_COMMIT_DATE": "2023-05-30",
      "GIT_COMMIT_HASH": "9288390",
      "GIT_COMMIT_TIME": "13:25:30",
      "GIT_REPO_NAME": "feature-vector-prototype",
      "GIT_REPO_URL": "git@github.com:TileDB-Inc/feature-vector-prototype.git"
    },
    "Program": "/home/lums/feature-vector-prototype/experimental/cmake-build-release/src/flat",
    "Run_date": "Wed May 31 09:34:57 2023",
    "cmake_source_dir": "/home/lums/feature-vector-prototype/experimental",
    "host": "ip-172-31-0-97",
    "tiledb_version": {
      "major": 2,
      "minor": 15,
      "patch": 2
    },
    "uuid": "wcrvjlxhbifrqognhhmhepsf"
  },
  "Times": {
    "Total time vq_query_heap": 4824.0,
    "read matrix s3://tiledb-andrew/kmeans/benchmark/bigann_10M_GT_nnids": 198.0,
    "read matrix s3://tiledb-andrew/kmeans/benchmark/query_public_10k": 81.0,
    "read matrix s3://tiledb-andrew/sift/bigann10M_base": 561.0
  }
}
{
  "Args": [
    [
      "--block",
      "\"1000000\""
    ],
    [
      "--db_uri",
      "\"s3://tiledb-andrew/sift/bigann10M_base\""
    ],
    [
      "--debug",
      "true"
    ],
    [
      "--g_uri",
      "\"s3://tiledb-andrew/kmeans/benchmark/bigann_10M_GT_nnids\""
    ],
    [
      "--help",
      "false"
    ],
    [
      "--k",
      "\"10\""
    ],
    [
      "--log",
      "\"flat-shakedown.log\""
    ],
    [
      "--nqueries",
      "\"100\""
    ],
    [
      "--nth",
      "false"
    ],
    [
      "--nthreads",
      "\"0\""
    ],
    [
      "--order",
      "\"vq_heap\""
    ],
    [
      "--output_uri",
      "null"
    ],
    [
      "--q_uri",
      "\"s3://tiledb-andrew/kmeans/benchmark/query_public_10k\""
    ],
    [
      "--validate",
      "true"
    ],
    [
      "--verbose",
      "true"
    ]
  ],
  "Config": {
    "Build": "Release",
    "Build_date": "2023-05-30 23:02:57",
    "Compiler": {
      "CMAKE_CXX_FLAGS": "-Wall -Wno-unused-variable ",
      "CMAKE_CXX_FLAGS_DEBUG": "-O0 -g -fno-elide-constructors  ",
      "CMAKE_CXX_FLAGS_RELEASE": "-Ofast -march=native -DNDEBUG ",
      "CMAKE_CXX_FLAGS_RELWITHDEBINFO": "-Ofast -g -march=native -DNDEBUG",
      "CXX_COMPILER": "/usr/bin/clang++-14",
      "CXX_COMPILER_ID": "Clang",
      "CXX_VERSION": "14.0.0"
    },
    "GIT_REPO": {
      "GIT_BRANCH": "lums/tmp/async_ivf",
      "GIT_COMMIT_DATE": "2023-05-30",
      "GIT_COMMIT_HASH": "9288390",
      "GIT_COMMIT_TIME": "13:25:30",
      "GIT_REPO_NAME": "feature-vector-prototype",
      "GIT_REPO_URL": "git@github.com:TileDB-Inc/feature-vector-prototype.git"
    },
    "Program": "/home/lums/feature-vector-prototype/experimental/cmake-build-release/src/flat",
    "Run_date": "Wed May 31 09:35:23 2023",
    "cmake_source_dir": "/home/lums/feature-vector-prototype/experimental",
    "host": "ip-172-31-0-97",
    "tiledb_version": {
      "major": 2,
      "minor": 15,
      "patch": 2
    },
    "uuid": "chxpmcbgqrjfbmhmepdxsedv"
  },
  "Times": {
    "Total time vq_query_heap": 4174.0,
    "read matrix s3://tiledb-andrew/kmeans/benchmark/bigann_10M_GT_nnids": 84.0,
    "read matrix s3://tiledb-andrew/kmeans/benchmark/query_public_10k": 55.0,
    "read matrix s3://tiledb-andrew/sift/bigann10M_base": 451.0
  }
}
{
  "Args": [
    [
      "--block",
      "\"1000000\""
    ],
    [
      "--db_uri",
      "\"s3://tiledb-andrew/sift/bigann10M_base\""
    ],
    [
      "--debug",
      "true"
    ],
    [
      "--g_uri",
      "\"s3://tiledb-andrew/kmeans/benchmark/bigann_10M_GT_nnids\""
    ],
    [
      "--help",
      "false"
    ],
    [
      "--k",
      "\"10\""
    ],
    [
      "--log",
      "\"flat-shakedown.log\""
    ],
    [
      "--nqueries",
      "\"100\""
    ],
    [
      "--nth",
      "false"
    ],
    [
      "--nthreads",
      "\"0\""
    ],
    [
      "--order",
      "\"vq_heap\""
    ],
    [
      "--output_uri",
      "null"
    ],
    [
      "--q_uri",
      "\"s3://tiledb-andrew/kmeans/benchmark/query_public_10k\""
    ],
    [
      "--validate",
      "true"
    ],
    [
      "--verbose",
      "true"
    ]
  ],
  "Config": {
    "Build": "Release",
    "Build_date": "2023-05-30 23:02:57",
    "Compiler": {
      "CMAKE_CXX_FLAGS": "-Wall -Wno-unused-variable ",
      "CMAKE_CXX_FLAGS_DEBUG": "-O0 -g -fno-elide-constructors  ",
      "CMAKE_CXX_FLAGS_RELEASE": "-Ofast -march=native -DNDEBUG ",
      "CMAKE_CXX_FLAGS_RELWITHDEBINFO": "-Ofast -g -march=native -DNDEBUG",
      "CXX_COMPILER": "/usr/bin/clang++-14",
      "CXX_COMPILER_ID": "Clang",
      "CXX_VERSION": "14.0.0"
    },
    "GIT_REPO": {
      "GIT_BRANCH": "lums/tmp/async_ivf",
      "GIT_COMMIT_DATE": "2023-05-30",
      "GIT_COMMIT_HASH": "9288390",
      "GIT_COMMIT_TIME": "13:25:30",
      "GIT_REPO_NAME": "feature-vector-prototype",
      "GIT_REPO_URL": "git@github.com:TileDB-Inc/feature-vector-prototype.git"
    },
    "Program": "/home/lums/feature-vector-prototype/experimental/cmake-build-release/src/flat",
    "Run_date": "Wed May 31 09:36:50 2023",
    "cmake_source_dir": "/home/lums/feature-vector-prototype/experimental",
    "host": "ip-172-31-0-97",
    "tiledb_version": {
      "major": 2,
      "minor": 15,
      "patch": 2
    },
    "uuid": "zifolfqqxvumkpkofzfrmdqk"
  },
  "Times": {
    "Total time vq_query_heap": 6454.0,
    "read matrix s3://tiledb-andrew/kmeans/benchmark/bigann_10M_GT_nnids": 71.0,
    "read matrix s3://tiledb-andrew/kmeans/benchmark/query_public_10k": 71.0,
    "read matrix s3://tiledb-andrew/sift/bigann10M_base": 744.0
  }
}
{
  "Args": [
    [
      "--block",
      "\"5000000\""
    ],
    [
      "--db_uri",
      "\"s3://tiledb-andrew/sift/bigann100M_base\""
    ],
    [
      "--debug",
      "true"
    ],
    [
      "--g_uri",
      "\"s3://tiledb-andrew/kmeans/benchmark/bigann_100M_GT_nnids\""
    ],
    [
      "--help",
      "false"
    ],
    [
      "--k",
      "\"10\""
    ],
    [
      "--log",
      "\"flat-shakedown.log\""
    ],
    [
      "--nqueries",
      "\"100\""
    ],
    [
      "--nth",
      "false"
    ],
    [
      "--nthreads",
      "\"0\""
    ],
    [
      "--order",
      "\"vq_heap\""
    ],
    [
      "--output_uri",
      "null"
    ],
    [
      "--q_uri",
      "\"s3://tiledb-andrew/kmeans/benchmark/query_public_10k\""
    ],
    [
      "--validate",
      "true"
    ],
    [
      "--verbose",
      "true"
    ]
  ],
  "Config": {
    "Build": "Release",
    "Build_date": "2023-05-30 23:02:57",
    "Compiler": {
      "CMAKE_CXX_FLAGS": "-Wall -Wno-unused-variable ",
      "CMAKE_CXX_FLAGS_DEBUG": "-O0 -g -fno-elide-constructors  ",
      "CMAKE_CXX_FLAGS_RELEASE": "-Ofast -march=native -DNDEBUG ",
      "CMAKE_CXX_FLAGS_RELWITHDEBINFO": "-Ofast -g -march=native -DNDEBUG",
      "CXX_COMPILER": "/usr/bin/clang++-14",
      "CXX_COMPILER_ID": "Clang",
      "CXX_VERSION": "14.0.0"
    },
    "GIT_REPO": {
      "GIT_BRANCH": "lums/tmp/async_ivf",
      "GIT_COMMIT_DATE": "2023-05-30",
      "GIT_COMMIT_HASH": "9288390",
      "GIT_COMMIT_TIME": "13:25:30",
      "GIT_REPO_NAME": "feature-vector-prototype",
      "GIT_REPO_URL": "git@github.com:TileDB-Inc/feature-vector-prototype.git"
    },
    "Program": "/home/lums/feature-vector-prototype/experimental/cmake-build-release/src/flat",
    "Run_date": "Wed May 31 09:37:37 2023",
    "cmake_source_dir": "/home/lums/feature-vector-prototype/experimental",
    "host": "ip-172-31-0-97",
    "tiledb_version": {
      "major": 2,
      "minor": 15,
      "patch": 2
    },
    "uuid": "ukmxcbhjxbbxxrjlseqxeyzx"
  },
  "Times": {
    "Total time vq_query_heap": 43867.0,
    "read matrix s3://tiledb-andrew/kmeans/benchmark/bigann_100M_GT_nnids": 396.0,
    "read matrix s3://tiledb-andrew/kmeans/benchmark/query_public_10k": 80.0,
    "read matrix s3://tiledb-andrew/sift/bigann100M_base": 1966.0
  }
}
{
  "Args": [
    [
      "--block",
      "\"20000000\""
    ],
    [
      "--db_uri",
      "\"s3://tiledb-andrew/sift/bigann1B_base\""
    ],
    [
      "--debug",
      "true"
    ],
    [
      "--g_uri",
      "\"s3://tiledb-andrew/kmeans/benchmark/bigann_1B_GT_nnids\""
    ],
    [
      "--help",
      "false"
    ],
    [
      "--k",
      "\"10\""
    ],
    [
      "--log",
      "\"flat-shakedown.log\""
    ],
    [
      "--nqueries",
      "\"100\""
    ],
    [
      "--nth",
      "false"
    ],
    [
      "--nthreads",
      "\"0\""
    ],
    [
      "--order",
      "\"vq_heap\""
    ],
    [
      "--output_uri",
      "null"
    ],
    [
      "--q_uri",
      "\"s3://tiledb-andrew/kmeans/benchmark/query_public_10k\""
    ],
    [
      "--validate",
      "true"
    ],
    [
      "--verbose",
      "true"
    ]
  ],
  "Config": {
    "Build": "Release",
    "Build_date": "2023-05-30 23:02:57",
    "Compiler": {
      "CMAKE_CXX_FLAGS": "-Wall -Wno-unused-variable ",
      "CMAKE_CXX_FLAGS_DEBUG": "-O0 -g -fno-elide-constructors  ",
      "CMAKE_CXX_FLAGS_RELEASE": "-Ofast -march=native -DNDEBUG ",
      "CMAKE_CXX_FLAGS_RELWITHDEBINFO": "-Ofast -g -march=native -DNDEBUG",
      "CXX_COMPILER": "/usr/bin/clang++-14",
      "CXX_COMPILER_ID": "Clang",
      "CXX_VERSION": "14.0.0"
    },
    "GIT_REPO": {
      "GIT_BRANCH": "lums/tmp/async_ivf",
      "GIT_COMMIT_DATE": "2023-05-30",
      "GIT_COMMIT_HASH": "9288390",
      "GIT_COMMIT_TIME": "13:25:30",
      "GIT_REPO_NAME": "feature-vector-prototype",
      "GIT_REPO_URL": "git@github.com:TileDB-Inc/feature-vector-prototype.git"
    },
    "Program": "/home/lums/feature-vector-prototype/experimental/cmake-build-release/src/flat",
    "Run_date": "Wed May 31 09:41:10 2023",
    "cmake_source_dir": "/home/lums/feature-vector-prototype/experimental",
    "host": "ip-172-31-0-97",
    "tiledb_version": {
      "major": 2,
      "minor": 15,
      "patch": 2
    },
    "uuid": "mnuxqbifxlbjorgehrqkydkp"
  },
  "Times": {
    "Total time vq_query_heap": 70032.0,
    "read matrix s3://tiledb-andrew/kmeans/benchmark/bigann_1B_GT_nnids": 128.0,
    "read matrix s3://tiledb-andrew/kmeans/benchmark/query_public_10k": 50.0,
    "read matrix s3://tiledb-andrew/sift/bigann1B_base": 295.0
  }
}
{
  "Args": [
    [
      "--block",
      "\"1000000\""
    ],
    [
      "--db_uri",
      "\"s3://tiledb-andrew/sift/bigann10M_base\""
    ],
    [
      "--debug",
      "true"
    ],
    [
      "--g_uri",
      "\"s3://tiledb-andrew/kmeans/benchmark/bigann_10M_GT_nnids\""
    ],
    [
      "--help",
      "false"
    ],
    [
      "--k",
      "\"10\""
    ],
    [
      "--log",
      "\"flat-shakedown.log\""
    ],
    [
      "--nqueries",
      "\"100\""
    ],
    [
      "--nth",
      "false"
    ],
    [
      "--nthreads",
      "\"0\""
    ],
    [
      "--order",
      "\"vq_heap\""
    ],
    [
      "--output_uri",
      "null"
    ],
    [
      "--q_uri",
      "\"s3://tiledb-andrew/kmeans/benchmark/query_public_10k\""
    ],
    [
      "--validate",
      "true"
    ],
    [
      "--verbose",
      "true"
    ]
  ],
  "Config": {
    "Build": "Release",
    "Build_date": "2023-05-30 23:02:57",
    "Compiler": {
      "CMAKE_CXX_FLAGS": "-Wall -Wno-unused-variable ",
      "CMAKE_CXX_FLAGS_DEBUG": "-O0 -g -fno-elide-constructors  ",
      "CMAKE_CXX_FLAGS_RELEASE": "-Ofast -march=native -DNDEBUG ",
      "CMAKE_CXX_FLAGS_RELWITHDEBINFO": "-Ofast -g -march=native -DNDEBUG",
      "CXX_COMPILER": "/usr/bin/clang++-14",
      "CXX_COMPILER_ID": "Clang",
      "CXX_VERSION": "14.0.0"
    },
    "GIT_REPO": {
      "GIT_BRANCH": "lums/tmp/async_ivf",
      "GIT_COMMIT_DATE": "2023-05-30",
      "GIT_COMMIT_HASH": "9288390",
      "GIT_COMMIT_TIME": "13:25:30",
      "GIT_REPO_NAME": "feature-vector-prototype",
      "GIT_REPO_URL": "git@github.com:TileDB-Inc/feature-vector-prototype.git"
    },
    "Program": "/home/lums/feature-vector-prototype/experimental/cmake-build-release/src/flat",
    "Run_date": "Wed May 31 09:41:17 2023",
    "cmake_source_dir": "/home/lums/feature-vector-prototype/experimental",
    "host": "ip-172-31-0-97",
    "tiledb_version": {
      "major": 2,
      "minor": 15,
      "patch": 2
    },
    "uuid": "mqvaxoembefzepkftgulmkii"
  },
  "Times": {
    "Total time vq_query_heap": 5604.0,
    "read matrix s3://tiledb-andrew/kmeans/benchmark/bigann_10M_GT_nnids": 178.0,
    "read matrix s3://tiledb-andrew/kmeans/benchmark/query_public_10k": 53.0,
    "read matrix s3://tiledb-andrew/sift/bigann10M_base": 565.0
  }
}
{
  "Args": [
    [
      "--block",
      "\"20000000\""
    ],
    [
      "--db_uri",
      "\"s3://tiledb-nikos/vector-search/datasets/arrays/sift-1b\""
    ],
    [
      "--debug",
      "true"
    ],
    [
      "--g_uri",
      "\"s3://tiledb-andrew/kmeans/benchmark/bigann_1B_GT_nnids\""
    ],
    [
      "--help",
      "false"
    ],
    [
      "--k",
      "\"10\""
    ],
    [
      "--log",
      "\"flat-shakedown.log\""
    ],
    [
      "--nqueries",
      "\"100\""
    ],
    [
      "--nth",
      "false"
    ],
    [
      "--nthreads",
      "\"0\""
    ],
    [
      "--order",
      "\"vq_heap\""
    ],
    [
      "--output_uri",
      "null"
    ],
    [
      "--q_uri",
      "\"s3://tiledb-andrew/kmeans/benchmark/query_public_10k\""
    ],
    [
      "--validate",
      "true"
    ],
    [
      "--verbose",
      "true"
    ]
  ],
  "Config": {
    "Build": "Release",
    "Build_date": "2023-05-30 23:02:57",
    "Compiler": {
      "CMAKE_CXX_FLAGS": "-Wall -Wno-unused-variable ",
      "CMAKE_CXX_FLAGS_DEBUG": "-O0 -g -fno-elide-constructors  ",
      "CMAKE_CXX_FLAGS_RELEASE": "-Ofast -march=native -DNDEBUG ",
      "CMAKE_CXX_FLAGS_RELWITHDEBINFO": "-Ofast -g -march=native -DNDEBUG",
      "CXX_COMPILER": "/usr/bin/clang++-14",
      "CXX_COMPILER_ID": "Clang",
      "CXX_VERSION": "14.0.0"
    },
    "GIT_REPO": {
      "GIT_BRANCH": "lums/tmp/async_ivf",
      "GIT_COMMIT_DATE": "2023-05-30",
      "GIT_COMMIT_HASH": "9288390",
      "GIT_COMMIT_TIME": "13:25:30",
      "GIT_REPO_NAME": "feature-vector-prototype",
      "GIT_REPO_URL": "git@github.com:TileDB-Inc/feature-vector-prototype.git"
    },
    "Program": "/home/lums/feature-vector-prototype/experimental/cmake-build-release/src/flat",
    "Run_date": "Wed May 31 09:48:43 2023",
    "cmake_source_dir": "/home/lums/feature-vector-prototype/experimental",
    "host": "ip-172-31-0-97",
    "tiledb_version": {
      "major": 2,
      "minor": 15,
      "patch": 2
    },
    "uuid": "ikuqigsjqcmjindhccbpwdji"
  },
  "Times": {
    "Total time vq_query_heap": 376155.0,
    "read matrix s3://tiledb-andrew/kmeans/benchmark/bigann_1B_GT_nnids": 148.0,
    "read matrix s3://tiledb-andrew/kmeans/benchmark/query_public_10k": 57.0,
    "read matrix s3://tiledb-nikos/vector-search/datasets/arrays/sift-1b": 6670.0
  }
}
{
  "Args": [
    [
      "--block",
      "\"1000000\""
    ],
    [
      "--db_uri",
      "\"s3://tiledb-andrew/sift/bigann10M_base\""
    ],
    [
      "--debug",
      "true"
    ],
    [
      "--g_uri",
      "\"s3://tiledb-andrew/kmeans/benchmark/bigann_10M_GT_nnids\""
    ],
    [
      "--help",
      "false"
    ],
    [
      "--k",
      "\"10\""
    ],
    [
      "--log",
      "\"flat-shakedown.log\""
    ],
    [
      "--nqueries",
      "\"100\""
    ],
    [
      "--nth",
      "false"
    ],
    [
      "--nthreads",
      "\"0\""
    ],
    [
      "--order",
      "\"vq_heap\""
    ],
    [
      "--output_uri",
      "null"
    ],
    [
      "--q_uri",
      "\"s3://tiledb-andrew/kmeans/benchmark/query_public_10k\""
    ],
    [
      "--validate",
      "true"
    ],
    [
      "--verbose",
      "true"
    ]
  ],
  "Config": {
    "Build": "Release",
    "Build_date": "2023-05-30 23:02:57",
    "Compiler": {
      "CMAKE_CXX_FLAGS": "-Wall -Wno-unused-variable ",
      "CMAKE_CXX_FLAGS_DEBUG": "-O0 -g -fno-elide-constructors  ",
      "CMAKE_CXX_FLAGS_RELEASE": "-Ofast -march=native -DNDEBUG ",
      "CMAKE_CXX_FLAGS_RELWITHDEBINFO": "-Ofast -g -march=native -DNDEBUG",
      "CXX_COMPILER": "/usr/bin/clang++-14",
      "CXX_COMPILER_ID": "Clang",
      "CXX_VERSION": "14.0.0"
    },
    "GIT_REPO": {
      "GIT_BRANCH": "lums/tmp/async_ivf",
      "GIT_COMMIT_DATE": "2023-05-30",
      "GIT_COMMIT_HASH": "9288390",
      "GIT_COMMIT_TIME": "13:25:30",
      "GIT_REPO_NAME": "feature-vector-prototype",
      "GIT_REPO_URL": "git@github.com:TileDB-Inc/feature-vector-prototype.git"
    },
    "Program": "/home/lums/feature-vector-prototype/experimental/cmake-build-release/src/flat",
    "Run_date": "Wed May 31 09:48:52 2023",
    "cmake_source_dir": "/home/lums/feature-vector-prototype/experimental",
    "host": "ip-172-31-0-97",
    "tiledb_version": {
      "major": 2,
      "minor": 15,
      "patch": 2
    },
    "uuid": "jaqevwhrirryiekifxzhlqbb"
  },
  "Times": {
    "Total time vq_query_heap": 6985.0,
    "read matrix s3://tiledb-andrew/kmeans/benchmark/bigann_10M_GT_nnids": 167.0,
    "read matrix s3://tiledb-andrew/kmeans/benchmark/query_public_10k": 68.0,
    "read matrix s3://tiledb-andrew/sift/bigann10M_base": 1123.0
  }
}
{
  "Args": [
    [
      "--block",
      "\"5000000\""
    ],
    [
      "--db_uri",
      "\"s3://tiledb-andrew/sift/bigann100M_base\""
    ],
    [
      "--debug",
      "true"
    ],
    [
      "--g_uri",
      "\"s3://tiledb-andrew/kmeans/benchmark/bigann_100M_GT_nnids\""
    ],
    [
      "--help",
      "false"
    ],
    [
      "--k",
      "\"10\""
    ],
    [
      "--log",
      "\"flat-shakedown.log\""
    ],
    [
      "--nqueries",
      "\"100\""
    ],
    [
      "--nth",
      "false"
    ],
    [
      "--nthreads",
      "\"0\""
    ],
    [
      "--order",
      "\"vq_heap\""
    ],
    [
      "--output_uri",
      "null"
    ],
    [
      "--q_uri",
      "\"s3://tiledb-andrew/kmeans/benchmark/query_public_10k\""
    ],
    [
      "--validate",
      "true"
    ],
    [
      "--verbose",
      "true"
    ]
  ],
  "Config": {
    "Build": "Release",
    "Build_date": "2023-05-30 23:02:57",
    "Compiler": {
      "CMAKE_CXX_FLAGS": "-Wall -Wno-unused-variable ",
      "CMAKE_CXX_FLAGS_DEBUG": "-O0 -g -fno-elide-constructors  ",
      "CMAKE_CXX_FLAGS_RELEASE": "-Ofast -march=native -DNDEBUG ",
      "CMAKE_CXX_FLAGS_RELWITHDEBINFO": "-Ofast -g -march=native -DNDEBUG",
      "CXX_COMPILER": "/usr/bin/clang++-14",
      "CXX_COMPILER_ID": "Clang",
      "CXX_VERSION": "14.0.0"
    },
    "GIT_REPO": {
      "GIT_BRANCH": "lums/tmp/async_ivf",
      "GIT_COMMIT_DATE": "2023-05-30",
      "GIT_COMMIT_HASH": "9288390",
      "GIT_COMMIT_TIME": "13:25:30",
      "GIT_REPO_NAME": "feature-vector-prototype",
      "GIT_REPO_URL": "git@github.com:TileDB-Inc/feature-vector-prototype.git"
    },
    "Program": "/home/lums/feature-vector-prototype/experimental/cmake-build-release/src/flat",
    "Run_date": "Wed May 31 09:49:36 2023",
    "cmake_source_dir": "/home/lums/feature-vector-prototype/experimental",
    "host": "ip-172-31-0-97",
    "tiledb_version": {
      "major": 2,
      "minor": 15,
      "patch": 2
    },
    "uuid": "prwujdmgcpehnufxibxkjnat"
  },
  "Times": {
    "Total time vq_query_heap": 41437.0,
    "read matrix s3://tiledb-andrew/kmeans/benchmark/bigann_100M_GT_nnids": 313.0,
    "read matrix s3://tiledb-andrew/kmeans/benchmark/query_public_10k": 40.0,
    "read matrix s3://tiledb-andrew/sift/bigann100M_base": 1726.0
  }
}
{
  "Args": [
    [
      "--block",
      "\"10000000\""
    ],
    [
      "--db_uri",
      "\"s3://tiledb-nikos/vector-search/datasets/arrays/sift-1b-col-major\""
    ],
    [
      "--debug",
      "true"
    ],
    [
      "--g_uri",
      "\"s3://tiledb-andrew/kmeans/benchmark/bigann_1B_GT_nnids\""
    ],
    [
      "--help",
      "false"
    ],
    [
      "--k",
      "\"10\""
    ],
    [
      "--log",
      "\"flat-shakedown.log\""
    ],
    [
      "--nqueries",
      "\"100\""
    ],
    [
      "--nth",
      "false"
    ],
    [
      "--nthreads",
      "\"0\""
    ],
    [
      "--order",
      "\"vq_heap\""
    ],
    [
      "--output_uri",
      "null"
    ],
    [
      "--q_uri",
      "\"s3://tiledb-andrew/kmeans/benchmark/query_public_10k\""
    ],
    [
      "--validate",
      "true"
    ],
    [
      "--verbose",
      "true"
    ]
  ],
  "Config": {
    "Build": "Release",
    "Build_date": "2023-05-30 23:02:57",
    "Compiler": {
      "CMAKE_CXX_FLAGS": "-Wall -Wno-unused-variable ",
      "CMAKE_CXX_FLAGS_DEBUG": "-O0 -g -fno-elide-constructors  ",
      "CMAKE_CXX_FLAGS_RELEASE": "-Ofast -march=native -DNDEBUG ",
      "CMAKE_CXX_FLAGS_RELWITHDEBINFO": "-Ofast -g -march=native -DNDEBUG",
      "CXX_COMPILER": "/usr/bin/clang++-14",
      "CXX_COMPILER_ID": "Clang",
      "CXX_VERSION": "14.0.0"
    },
    "GIT_REPO": {
      "GIT_BRANCH": "lums/tmp/async_ivf",
      "GIT_COMMIT_DATE": "2023-05-30",
      "GIT_COMMIT_HASH": "9288390",
      "GIT_COMMIT_TIME": "13:25:30",
      "GIT_REPO_NAME": "feature-vector-prototype",
      "GIT_REPO_URL": "git@github.com:TileDB-Inc/feature-vector-prototype.git"
    },
    "Program": "/home/lums/feature-vector-prototype/experimental/cmake-build-release/src/flat",
    "Run_date": "Wed May 31 15:26:58 2023",
    "cmake_source_dir": "/home/lums/feature-vector-prototype/experimental",
    "host": "ip-172-31-0-97",
    "tiledb_version": {
      "major": 2,
      "minor": 15,
      "patch": 2
    },
    "uuid": "xljubjnntybhpsehssqvlbej"
  },
  "Times": {
    "Total time vq_query_heap": 429045.0,
    "read matrix s3://tiledb-andrew/kmeans/benchmark/bigann_1B_GT_nnids": 264.0,
    "read matrix s3://tiledb-andrew/kmeans/benchmark/query_public_10k": 143.0,
    "read matrix s3://tiledb-nikos/vector-search/datasets/arrays/sift-1b-col-major": 3668.0
  }
}
{
  "Args": [
    [
      "--block",
      "\"1000000\""
    ],
    [
      "--db_uri",
      "\"s3://tiledb-andrew/sift/bigann10M_base\""
    ],
    [
      "--debug",
      "true"
    ],
    [
      "--g_uri",
      "\"s3://tiledb-andrew/kmeans/benchmark/bigann_10M_GT_nnids\""
    ],
    [
      "--help",
      "false"
    ],
    [
      "--k",
      "\"10\""
    ],
    [
      "--log",
      "\"flat-shakedown.log\""
    ],
    [
      "--nqueries",
      "\"100\""
    ],
    [
      "--nth",
      "false"
    ],
    [
      "--nthreads",
      "\"0\""
    ],
    [
      "--order",
      "\"vq_heap\""
    ],
    [
      "--output_uri",
      "null"
    ],
    [
      "--q_uri",
      "\"s3://tiledb-andrew/kmeans/benchmark/query_public_10k\""
    ],
    [
      "--validate",
      "true"
    ],
    [
      "--verbose",
      "true"
    ]
  ],
  "Config": {
    "Build": "Release",
    "Build_date": "2023-05-30 23:02:57",
    "Compiler": {
      "CMAKE_CXX_FLAGS": "-Wall -Wno-unused-variable ",
      "CMAKE_CXX_FLAGS_DEBUG": "-O0 -g -fno-elide-constructors  ",
      "CMAKE_CXX_FLAGS_RELEASE": "-Ofast -march=native -DNDEBUG ",
      "CMAKE_CXX_FLAGS_RELWITHDEBINFO": "-Ofast -g -march=native -DNDEBUG",
      "CXX_COMPILER": "/usr/bin/clang++-14",
      "CXX_COMPILER_ID": "Clang",
      "CXX_VERSION": "14.0.0"
    },
    "GIT_REPO": {
      "GIT_BRANCH": "lums/tmp/async_ivf",
      "GIT_COMMIT_DATE": "2023-05-30",
      "GIT_COMMIT_HASH": "9288390",
      "GIT_COMMIT_TIME": "13:25:30",
      "GIT_REPO_NAME": "feature-vector-prototype",
      "GIT_REPO_URL": "git@github.com:TileDB-Inc/feature-vector-prototype.git"
    },
    "Program": "/home/lums/feature-vector-prototype/experimental/cmake-build-release/src/flat",
    "Run_date": "Wed May 31 15:27:10 2023",
    "cmake_source_dir": "/home/lums/feature-vector-prototype/experimental",
    "host": "ip-172-31-0-97",
    "tiledb_version": {
      "major": 2,
      "minor": 15,
      "patch": 2
    },
    "uuid": "baqycmwhrnczycwgzpmmknat"
  },
  "Times": {
    "Total time vq_query_heap": 9492.0,
    "read matrix s3://tiledb-andrew/kmeans/benchmark/bigann_10M_GT_nnids": 240.0,
    "read matrix s3://tiledb-andrew/kmeans/benchmark/query_public_10k": 119.0,
    "read matrix s3://tiledb-andrew/sift/bigann10M_base": 986.0
  }
}
{
  "Args": [
    [
      "--block",
      "\"1000000\""
    ],
    [
      "--db_uri",
      "\"s3://tiledb-andrew/sift/bigann10M_base\""
    ],
    [
      "--debug",
      "true"
    ],
    [
      "--g_uri",
      "\"s3://tiledb-andrew/kmeans/benchmark/bigann_10M_GT_nnids\""
    ],
    [
      "--help",
      "false"
    ],
    [
      "--k",
      "\"10\""
    ],
    [
      "--log",
      "\"flat-shakedown.log\""
    ],
    [
      "--nqueries",
      "\"100\""
    ],
    [
      "--nth",
      "false"
    ],
    [
      "--nthreads",
      "\"0\""
    ],
    [
      "--order",
      "\"vq_heap\""
    ],
    [
      "--output_uri",
      "null"
    ],
    [
      "--q_uri",
      "\"s3://tiledb-andrew/kmeans/benchmark/query_public_10k\""
    ],
    [
      "--validate",
      "true"
    ],
    [
      "--verbose",
      "true"
    ]
  ],
  "Config": {
    "Build": "Release",
    "Build_date": "2023-05-30 23:02:57",
    "Compiler": {
      "CMAKE_CXX_FLAGS": "-Wall -Wno-unused-variable ",
      "CMAKE_CXX_FLAGS_DEBUG": "-O0 -g -fno-elide-constructors  ",
      "CMAKE_CXX_FLAGS_RELEASE": "-Ofast -march=native -DNDEBUG ",
      "CMAKE_CXX_FLAGS_RELWITHDEBINFO": "-Ofast -g -march=native -DNDEBUG",
      "CXX_COMPILER": "/usr/bin/clang++-14",
      "CXX_COMPILER_ID": "Clang",
      "CXX_VERSION": "14.0.0"
    },
    "GIT_REPO": {
      "GIT_BRANCH": "lums/tmp/async_ivf",
      "GIT_COMMIT_DATE": "2023-05-30",
      "GIT_COMMIT_HASH": "9288390",
      "GIT_COMMIT_TIME": "13:25:30",
      "GIT_REPO_NAME": "feature-vector-prototype",
      "GIT_REPO_URL": "git@github.com:TileDB-Inc/feature-vector-prototype.git"
    },
    "Program": "/home/lums/feature-vector-prototype/experimental/cmake-build-release/src/flat",
    "Run_date": "Wed May 31 15:40:17 2023",
    "cmake_source_dir": "/home/lums/feature-vector-prototype/experimental",
    "host": "ip-172-31-0-97",
    "tiledb_version": {
      "major": 2,
      "minor": 15,
      "patch": 2
    },
    "uuid": "fbgbtgnzqvqnojboobjtzaik"
  },
  "Times": {
    "Total time vq_query_heap": 8927.0,
    "read matrix s3://tiledb-andrew/kmeans/benchmark/bigann_10M_GT_nnids": 194.0,
    "read matrix s3://tiledb-andrew/kmeans/benchmark/query_public_10k": 119.0,
    "read matrix s3://tiledb-andrew/sift/bigann10M_base": 1010.0
  }
}
{
  "Args": [
    [
      "--block",
      "\"0\""
    ],
    [
      "--db_uri",
      "\"s3://tiledb-andrew/sift/bigann100M_base\""
    ],
    [
      "--debug",
      "true"
    ],
    [
      "--g_uri",
      "\"s3://tiledb-andrew/kmeans/benchmark/bigann_100M_GT_nnids\""
    ],
    [
      "--help",
      "false"
    ],
    [
      "--k",
      "\"10\""
    ],
    [
      "--log",
      "\"flat-shakedown.log\""
    ],
    [
      "--nqueries",
      "\"100\""
    ],
    [
      "--nth",
      "false"
    ],
    [
      "--nthreads",
      "\"0\""
    ],
    [
      "--order",
      "\"vq_heap\""
    ],
    [
      "--output_uri",
      "null"
    ],
    [
      "--q_uri",
      "\"s3://tiledb-andrew/kmeans/benchmark/query_public_10k\""
    ],
    [
      "--validate",
      "true"
    ],
    [
      "--verbose",
      "true"
    ]
  ],
  "Config": {
    "Build": "Release",
    "Build_date": "2023-05-30 23:02:57",
    "Compiler": {
      "CMAKE_CXX_FLAGS": "-Wall -Wno-unused-variable ",
      "CMAKE_CXX_FLAGS_DEBUG": "-O0 -g -fno-elide-constructors  ",
      "CMAKE_CXX_FLAGS_RELEASE": "-Ofast -march=native -DNDEBUG ",
      "CMAKE_CXX_FLAGS_RELWITHDEBINFO": "-Ofast -g -march=native -DNDEBUG",
      "CXX_COMPILER": "/usr/bin/clang++-14",
      "CXX_COMPILER_ID": "Clang",
      "CXX_VERSION": "14.0.0"
    },
    "GIT_REPO": {
      "GIT_BRANCH": "lums/tmp/async_ivf",
      "GIT_COMMIT_DATE": "2023-05-30",
      "GIT_COMMIT_HASH": "9288390",
      "GIT_COMMIT_TIME": "13:25:30",
      "GIT_REPO_NAME": "feature-vector-prototype",
      "GIT_REPO_URL": "git@github.com:TileDB-Inc/feature-vector-prototype.git"
    },
    "Program": "/home/lums/feature-vector-prototype/experimental/cmake-build-release/src/flat",
    "Run_date": "Wed May 31 15:40:59 2023",
    "cmake_source_dir": "/home/lums/feature-vector-prototype/experimental",
    "host": "ip-172-31-0-97",
    "tiledb_version": {
      "major": 2,
      "minor": 15,
      "patch": 2
    },
    "uuid": "edrcepopkppsqhjumoniuovw"
  },
  "Times": {
    "Total time vq_query_heap": 5482.0,
    "read matrix s3://tiledb-andrew/kmeans/benchmark/bigann_100M_GT_nnids": 269.0,
    "read matrix s3://tiledb-andrew/kmeans/benchmark/query_public_10k": 103.0,
    "read matrix s3://tiledb-andrew/sift/bigann100M_base": 35679.0
  }
}
{
  "Args": [
    [
      "--block",
      "\"1000000\""
    ],
    [
      "--db_uri",
      "\"s3://tiledb-andrew/sift/bigann10M_base\""
    ],
    [
      "--debug",
      "true"
    ],
    [
      "--g_uri",
      "\"s3://tiledb-andrew/kmeans/benchmark/bigann_10M_GT_nnids\""
    ],
    [
      "--help",
      "false"
    ],
    [
      "--k",
      "\"10\""
    ],
    [
      "--log",
      "\"flat-shakedown.log\""
    ],
    [
      "--nqueries",
      "\"100\""
    ],
    [
      "--nth",
      "false"
    ],
    [
      "--nthreads",
      "\"0\""
    ],
    [
      "--order",
      "\"vq_heap\""
    ],
    [
      "--output_uri",
      "null"
    ],
    [
      "--q_uri",
      "\"s3://tiledb-andrew/kmeans/benchmark/query_public_10k\""
    ],
    [
      "--validate",
      "true"
    ],
    [
      "--verbose",
      "true"
    ]
  ],
  "Config": {
    "Build": "Release",
    "Build_date": "2023-05-30 23:02:57",
    "Compiler": {
      "CMAKE_CXX_FLAGS": "-Wall -Wno-unused-variable ",
      "CMAKE_CXX_FLAGS_DEBUG": "-O0 -g -fno-elide-constructors  ",
      "CMAKE_CXX_FLAGS_RELEASE": "-Ofast -march=native -DNDEBUG ",
      "CMAKE_CXX_FLAGS_RELWITHDEBINFO": "-Ofast -g -march=native -DNDEBUG",
      "CXX_COMPILER": "/usr/bin/clang++-14",
      "CXX_COMPILER_ID": "Clang",
      "CXX_VERSION": "14.0.0"
    },
    "GIT_REPO": {
      "GIT_BRANCH": "lums/tmp/async_ivf",
      "GIT_COMMIT_DATE": "2023-05-30",
      "GIT_COMMIT_HASH": "9288390",
      "GIT_COMMIT_TIME": "13:25:30",
      "GIT_REPO_NAME": "feature-vector-prototype",
      "GIT_REPO_URL": "git@github.com:TileDB-Inc/feature-vector-prototype.git"
    },
    "Program": "/home/lums/feature-vector-prototype/experimental/cmake-build-release/src/flat",
    "Run_date": "Wed May 31 15:52:27 2023",
    "cmake_source_dir": "/home/lums/feature-vector-prototype/experimental",
    "host": "ip-172-31-0-97",
    "tiledb_version": {
      "major": 2,
      "minor": 15,
      "patch": 2
    },
    "uuid": "nbortmcaejexcvrtgglyghmp"
  },
  "Times": {
    "Total time vq_query_heap": 9848.0,
    "read matrix s3://tiledb-andrew/kmeans/benchmark/bigann_10M_GT_nnids": 188.0,
    "read matrix s3://tiledb-andrew/kmeans/benchmark/query_public_10k": 120.0,
    "read matrix s3://tiledb-andrew/sift/bigann10M_base": 863.0
  }
}
{
  "Args": [
    [
      "--block",
      "\"0\""
    ],
    [
      "--db_uri",
      "\"s3://tiledb-andrew/sift/bigann100M_base\""
    ],
    [
      "--debug",
      "true"
    ],
    [
      "--g_uri",
      "\"s3://tiledb-andrew/kmeans/benchmark/bigann_100M_GT_nnids\""
    ],
    [
      "--help",
      "false"
    ],
    [
      "--k",
      "\"10\""
    ],
    [
      "--log",
      "\"flat-shakedown.log\""
    ],
    [
      "--nqueries",
      "\"100\""
    ],
    [
      "--nth",
      "false"
    ],
    [
      "--nthreads",
      "\"0\""
    ],
    [
      "--order",
      "\"vq_heap\""
    ],
    [
      "--output_uri",
      "null"
    ],
    [
      "--q_uri",
      "\"s3://tiledb-andrew/kmeans/benchmark/query_public_10k\""
    ],
    [
      "--validate",
      "true"
    ],
    [
      "--verbose",
      "true"
    ]
  ],
  "Config": {
    "Build": "Release",
    "Build_date": "2023-05-30 23:02:57",
    "Compiler": {
      "CMAKE_CXX_FLAGS": "-Wall -Wno-unused-variable ",
      "CMAKE_CXX_FLAGS_DEBUG": "-O0 -g -fno-elide-constructors  ",
      "CMAKE_CXX_FLAGS_RELEASE": "-Ofast -march=native -DNDEBUG ",
      "CMAKE_CXX_FLAGS_RELWITHDEBINFO": "-Ofast -g -march=native -DNDEBUG",
      "CXX_COMPILER": "/usr/bin/clang++-14",
      "CXX_COMPILER_ID": "Clang",
      "CXX_VERSION": "14.0.0"
    },
    "GIT_REPO": {
      "GIT_BRANCH": "lums/tmp/async_ivf",
      "GIT_COMMIT_DATE": "2023-05-30",
      "GIT_COMMIT_HASH": "9288390",
      "GIT_COMMIT_TIME": "13:25:30",
      "GIT_REPO_NAME": "feature-vector-prototype",
      "GIT_REPO_URL": "git@github.com:TileDB-Inc/feature-vector-prototype.git"
    },
    "Program": "/home/lums/feature-vector-prototype/experimental/cmake-build-release/src/flat",
    "Run_date": "Wed May 31 15:53:08 2023",
    "cmake_source_dir": "/home/lums/feature-vector-prototype/experimental",
    "host": "ip-172-31-0-97",
    "tiledb_version": {
      "major": 2,
      "minor": 15,
      "patch": 2
    },
    "uuid": "xsznkghghlgbmcqrvlrdqfis"
  },
  "Times": {
    "Total time vq_query_heap": 5491.0,
    "read matrix s3://tiledb-andrew/kmeans/benchmark/bigann_100M_GT_nnids": 280.0,
    "read matrix s3://tiledb-andrew/kmeans/benchmark/query_public_10k": 63.0,
    "read matrix s3://tiledb-andrew/sift/bigann100M_base": 34646.0
  }
}
{
  "Args": [
    [
      "--block",
      "\"0\""
    ],
    [
      "--db_uri",
      "\"s3://tiledb-andrew/sift/bigann10M_base\""
    ],
    [
      "--debug",
      "true"
    ],
    [
      "--g_uri",
      "\"s3://tiledb-andrew/kmeans/benchmark/bigann_10M_GT_nnids\""
    ],
    [
      "--help",
      "false"
    ],
    [
      "--k",
      "\"10\""
    ],
    [
      "--log",
      "\"flat-shakedown.log\""
    ],
    [
      "--nqueries",
      "\"100\""
    ],
    [
      "--nth",
      "false"
    ],
    [
      "--nthreads",
      "\"0\""
    ],
    [
      "--order",
      "\"vq_heap\""
    ],
    [
      "--output_uri",
      "null"
    ],
    [
      "--q_uri",
      "\"s3://tiledb-andrew/kmeans/benchmark/query_public_10k\""
    ],
    [
      "--validate",
      "true"
    ],
    [
      "--verbose",
      "true"
    ]
  ],
  "Config": {
    "Build": "Release",
    "Build_date": "2023-05-30 23:02:57",
    "Compiler": {
      "CMAKE_CXX_FLAGS": "-Wall -Wno-unused-variable ",
      "CMAKE_CXX_FLAGS_DEBUG": "-O0 -g -fno-elide-constructors  ",
      "CMAKE_CXX_FLAGS_RELEASE": "-Ofast -march=native -DNDEBUG ",
      "CMAKE_CXX_FLAGS_RELWITHDEBINFO": "-Ofast -g -march=native -DNDEBUG",
      "CXX_COMPILER": "/usr/bin/clang++-14",
      "CXX_COMPILER_ID": "Clang",
      "CXX_VERSION": "14.0.0"
    },
    "GIT_REPO": {
      "GIT_BRANCH": "lums/tmp/async_ivf",
      "GIT_COMMIT_DATE": "2023-05-30",
      "GIT_COMMIT_HASH": "9288390",
      "GIT_COMMIT_TIME": "13:25:30",
      "GIT_REPO_NAME": "feature-vector-prototype",
      "GIT_REPO_URL": "git@github.com:TileDB-Inc/feature-vector-prototype.git"
    },
    "Program": "/home/lums/feature-vector-prototype/experimental/cmake-build-release/src/flat",
    "Run_date": "Wed May 31 16:03:09 2023",
    "cmake_source_dir": "/home/lums/feature-vector-prototype/experimental",
    "host": "ip-172-31-0-97",
    "tiledb_version": {
      "major": 2,
      "minor": 15,
      "patch": 2
    },
    "uuid": "tntwidkujmxfpofjmikiupvb"
  },
  "Times": {
    "Total time vq_query_heap": 571.0,
    "read matrix s3://tiledb-andrew/kmeans/benchmark/bigann_10M_GT_nnids": 219.0,
    "read matrix s3://tiledb-andrew/kmeans/benchmark/query_public_10k": 107.0,
    "read matrix s3://tiledb-andrew/sift/bigann10M_base": 3644.0
  }
}
{
  "Args": [
    [
      "--block",
      "\"0\""
    ],
    [
      "--db_uri",
      "\"s3://tiledb-andrew/sift/bigann10M_base\""
    ],
    [
      "--debug",
      "true"
    ],
    [
      "--g_uri",
      "\"s3://tiledb-andrew/kmeans/benchmark/bigann_10M_GT_nnids\""
    ],
    [
      "--help",
      "false"
    ],
    [
      "--k",
      "\"10\""
    ],
    [
      "--log",
      "\"flat-shakedown.log\""
    ],
    [
      "--nqueries",
      "\"0\""
    ],
    [
      "--nth",
      "false"
    ],
    [
      "--nthreads",
      "\"0\""
    ],
    [
      "--order",
      "\"vq_heap\""
    ],
    [
      "--output_uri",
      "null"
    ],
    [
      "--q_uri",
      "\"s3://tiledb-andrew/kmeans/benchmark/query_public_10k\""
    ],
    [
      "--validate",
      "true"
    ],
    [
      "--verbose",
      "true"
    ]
  ],
  "Config": {
    "Build": "Release",
    "Build_date": "2023-05-30 23:02:57",
    "Compiler": {
      "CMAKE_CXX_FLAGS": "-Wall -Wno-unused-variable ",
      "CMAKE_CXX_FLAGS_DEBUG": "-O0 -g -fno-elide-constructors  ",
      "CMAKE_CXX_FLAGS_RELEASE": "-Ofast -march=native -DNDEBUG ",
      "CMAKE_CXX_FLAGS_RELWITHDEBINFO": "-Ofast -g -march=native -DNDEBUG",
      "CXX_COMPILER": "/usr/bin/clang++-14",
      "CXX_COMPILER_ID": "Clang",
      "CXX_VERSION": "14.0.0"
    },
    "GIT_REPO": {
      "GIT_BRANCH": "lums/tmp/async_ivf",
      "GIT_COMMIT_DATE": "2023-05-30",
      "GIT_COMMIT_HASH": "9288390",
      "GIT_COMMIT_TIME": "13:25:30",
      "GIT_REPO_NAME": "feature-vector-prototype",
      "GIT_REPO_URL": "git@github.com:TileDB-Inc/feature-vector-prototype.git"
    },
    "Program": "/home/lums/feature-vector-prototype/experimental/cmake-build-release/src/flat",
    "Run_date": "Wed May 31 16:04:35 2023",
    "cmake_source_dir": "/home/lums/feature-vector-prototype/experimental",
    "host": "ip-172-31-0-97",
    "tiledb_version": {
      "major": 2,
      "minor": 15,
      "patch": 2
    },
    "uuid": "ncudefnbmeffmatqqgkzxkdl"
  },
  "Times": {
    "Total time vq_query_heap": 83537.0,
    "read matrix s3://tiledb-andrew/kmeans/benchmark/bigann_10M_GT_nnids": 110.0,
    "read matrix s3://tiledb-andrew/kmeans/benchmark/query_public_10k": 127.0,
    "read matrix s3://tiledb-andrew/sift/bigann10M_base": 1727.0
  }
}
{
  "Args": [
    [
      "--block",
      "\"0\""
    ],
    [
      "--db_uri",
      "\"s3://tiledb-andrew/sift/bigann100M_base\""
    ],
    [
      "--debug",
      "true"
    ],
    [
      "--g_uri",
      "\"s3://tiledb-andrew/kmeans/benchmark/bigann_100M_GT_nnids\""
    ],
    [
      "--help",
      "false"
    ],
    [
      "--k",
      "\"10\""
    ],
    [
      "--log",
      "\"flat-shakedown.log\""
    ],
    [
      "--nqueries",
      "\"100\""
    ],
    [
      "--nth",
      "false"
    ],
    [
      "--nthreads",
      "\"0\""
    ],
    [
      "--order",
      "\"vq_heap\""
    ],
    [
      "--output_uri",
      "null"
    ],
    [
      "--q_uri",
      "\"s3://tiledb-andrew/kmeans/benchmark/query_public_10k\""
    ],
    [
      "--validate",
      "true"
    ],
    [
      "--verbose",
      "true"
    ]
  ],
  "Config": {
    "Build": "Release",
    "Build_date": "2023-05-30 23:02:57",
    "Compiler": {
      "CMAKE_CXX_FLAGS": "-Wall -Wno-unused-variable ",
      "CMAKE_CXX_FLAGS_DEBUG": "-O0 -g -fno-elide-constructors  ",
      "CMAKE_CXX_FLAGS_RELEASE": "-Ofast -march=native -DNDEBUG ",
      "CMAKE_CXX_FLAGS_RELWITHDEBINFO": "-Ofast -g -march=native -DNDEBUG",
      "CXX_COMPILER": "/usr/bin/clang++-14",
      "CXX_COMPILER_ID": "Clang",
      "CXX_VERSION": "14.0.0"
    },
    "GIT_REPO": {
      "GIT_BRANCH": "lums/tmp/async_ivf",
      "GIT_COMMIT_DATE": "2023-05-30",
      "GIT_COMMIT_HASH": "9288390",
      "GIT_COMMIT_TIME": "13:25:30",
      "GIT_REPO_NAME": "feature-vector-prototype",
      "GIT_REPO_URL": "git@github.com:TileDB-Inc/feature-vector-prototype.git"
    },
    "Program": "/home/lums/feature-vector-prototype/experimental/cmake-build-release/src/flat",
    "Run_date": "Wed May 31 16:05:18 2023",
    "cmake_source_dir": "/home/lums/feature-vector-prototype/experimental",
    "host": "ip-172-31-0-97",
    "tiledb_version": {
      "major": 2,
      "minor": 15,
      "patch": 2
    },
    "uuid": "nlwmmzafbispirdymvxeegti"
  },
  "Times": {
    "Total time vq_query_heap": 5455.0,
    "read matrix s3://tiledb-andrew/kmeans/benchmark/bigann_100M_GT_nnids": 269.0,
    "read matrix s3://tiledb-andrew/kmeans/benchmark/query_public_10k": 122.0,
    "read matrix s3://tiledb-andrew/sift/bigann100M_base": 36440.0
  }
}
{
  "Args": [
    [
      "--block",
      "\"0\""
    ],
    [
      "--db_uri",
      "\"s3://tiledb-andrew/sift/bigann100M_base\""
    ],
    [
      "--debug",
      "true"
    ],
    [
      "--g_uri",
      "\"s3://tiledb-andrew/kmeans/benchmark/bigann_100M_GT_nnids\""
    ],
    [
      "--help",
      "false"
    ],
    [
      "--k",
      "\"10\""
    ],
    [
      "--log",
      "\"flat-shakedown.log\""
    ],
    [
      "--nqueries",
      "\"0\""
    ],
    [
      "--nth",
      "false"
    ],
    [
      "--nthreads",
      "\"0\""
    ],
    [
      "--order",
      "\"vq_heap\""
    ],
    [
      "--output_uri",
      "null"
    ],
    [
      "--q_uri",
      "\"s3://tiledb-andrew/kmeans/benchmark/query_public_10k\""
    ],
    [
      "--validate",
      "true"
    ],
    [
      "--verbose",
      "true"
    ]
  ],
  "Config": {
    "Build": "Release",
    "Build_date": "2023-05-30 23:02:57",
    "Compiler": {
      "CMAKE_CXX_FLAGS": "-Wall -Wno-unused-variable ",
      "CMAKE_CXX_FLAGS_DEBUG": "-O0 -g -fno-elide-constructors  ",
      "CMAKE_CXX_FLAGS_RELEASE": "-Ofast -march=native -DNDEBUG ",
      "CMAKE_CXX_FLAGS_RELWITHDEBINFO": "-Ofast -g -march=native -DNDEBUG",
      "CXX_COMPILER": "/usr/bin/clang++-14",
      "CXX_COMPILER_ID": "Clang",
      "CXX_VERSION": "14.0.0"
    },
    "GIT_REPO": {
      "GIT_BRANCH": "lums/tmp/async_ivf",
      "GIT_COMMIT_DATE": "2023-05-30",
      "GIT_COMMIT_HASH": "9288390",
      "GIT_COMMIT_TIME": "13:25:30",
      "GIT_REPO_NAME": "feature-vector-prototype",
      "GIT_REPO_URL": "git@github.com:TileDB-Inc/feature-vector-prototype.git"
    },
    "Program": "/home/lums/feature-vector-prototype/experimental/cmake-build-release/src/flat",
    "Run_date": "Wed May 31 16:19:21 2023",
    "cmake_source_dir": "/home/lums/feature-vector-prototype/experimental",
    "host": "ip-172-31-0-97",
    "tiledb_version": {
      "major": 2,
      "minor": 15,
      "patch": 2
    },
    "uuid": "ojwdlwampjwbrmdxxplzsuau"
  },
  "Times": {
    "Total time vq_query_heap": 823646.0,
    "read matrix s3://tiledb-andrew/kmeans/benchmark/bigann_100M_GT_nnids": 98.0,
    "read matrix s3://tiledb-andrew/kmeans/benchmark/query_public_10k": 72.0,
    "read matrix s3://tiledb-andrew/sift/bigann100M_base": 18057.0
  }
}
