{
  "Args": [
    [
      "--blocksize",
      "\"0\""
    ],
    [
      "--centroids_uri",
      "\"s3://tiledb-nikos/vector-search/andrew/sift-base-1m-2000p/centroids.tdb\""
    ],
    [
      "--cluster",
      "\"100\""
    ],
    [
      "--db_uri",
      "\"s3://tiledb-andrew/sift/sift_base\""
    ],
    [
      "--debug",
      "true"
    ],
    [
      "--groundtruth_uri",
      "\"s3://tiledb-andrew/sift/sift_groundtruth\""
    ],
    [
      "--help",
      "false"
    ],
    [
      "--ids_uri",
      "\"s3://tiledb-nikos/vector-search/andrew/sift-base-1m-2000p/ids.tdb\""
    ],
    [
      "--index_uri",
      "\"s3://tiledb-nikos/vector-search/andrew/sift-base-1m-2000p/index.tdb\""
    ],
    [
      "--k",
      "\"10\""
    ],
    [
      "--log",
      "\"ivf-shakedown.log\""
    ],
    [
      "--ndb",
      "\"0\""
    ],
    [
      "--nqueries",
      "\"1\""
    ],
    [
      "--nth",
      "false"
    ],
    [
      "--nthreads",
      "\"0\""
    ],
    [
      "--output_uri",
      "null"
    ],
    [
      "--parts_uri",
      "\"s3://tiledb-nikos/vector-search/andrew/sift-base-1m-2000p/parts.tdb\""
    ],
    [
      "--query_uri",
      "\"s3://tiledb-andrew/sift/sift_query\""
    ],
    [
      "--region",
      "\"us-east-1\""
    ],
    [
      "--verbose",
      "true"
    ]
  ],
  "Config": {
    "Build": "Release",
    "Build_date": "2023-05-26 04:54:17",
    "Compiler": {
      "CMAKE_CXX_FLAGS": "-Wall -Wno-unused-variable ",
      "CMAKE_CXX_FLAGS_DEBUG": "-O0 -g -fno-elide-constructors  ",
      "CMAKE_CXX_FLAGS_RELEASE": "-Ofast -march=native -DNDEBUG ",
      "CMAKE_CXX_FLAGS_RELWITHDEBINFO": "-Ofast -g -march=native -DNDEBUG",
      "CXX_COMPILER": "/usr/bin/clang++-14",
      "CXX_COMPILER_ID": "Clang",
      "CXX_VERSION": "14.0.0"
    },
    "GIT_REPO": {
      "GIT_BRANCH": "lums/tmp/queries",
      "GIT_COMMIT_DATE": "2023-05-25",
      "GIT_COMMIT_HASH": "3773d22",
      "GIT_COMMIT_TIME": "21:49:33",
      "GIT_REPO_NAME": "feature-vector-prototype",
      "GIT_REPO_URL": "git@github.com:TileDB-Inc/feature-vector-prototype.git"
    },
    "Program": "/home/lums/feature-vector-prototype/experimental/cmake-build-release/src/ivf_hack",
    "Run_date": "Fri May 26 07:18:40 2023",
    "cmake_source_dir": "/home/lums/feature-vector-prototype/experimental",
    "host": "ip-172-31-0-97",
    "tiledb_version": {
      "major": 2,
      "minor": 15,
      "patch": 2
    },
    "uuid": "fqojbqmzdpfqjdojelxwgjdr"
  },
  "Recalls": {
    "queries_in_groundtruth": 10,
    "total_queries": 10
  },
  "Times": {
    "Total time blocked query gemm": 20.0,
    "query_time": 4983.0,
    "read matrix s3://tiledb-andrew/sift/sift_base": 1526.0,
    "read matrix s3://tiledb-andrew/sift/sift_groundtruth": 196.0,
    "read matrix s3://tiledb-andrew/sift/sift_query": 187.0,
    "read matrix s3://tiledb-nikos/vector-search/andrew/sift-base-1m-2000p/centroids.tdb": 160.0,
    "read matrix s3://tiledb-nikos/vector-search/andrew/sift-base-1m-2000p/parts.tdb": 2380.0,
    "read vector s3://tiledb-nikos/vector-search/andrew/sift-base-1m-2000p/ids.tdb": 861.0,
    "read vector s3://tiledb-nikos/vector-search/andrew/sift-base-1m-2000p/index.tdb": 68.0
  }
}
{
  "Args": [
    [
      "--blocksize",
      "\"0\""
    ],
    [
      "--centroids_uri",
      "\"s3://tiledb-nikos/vector-search/andrew/sift-base-1m-2000p/centroids.tdb\""
    ],
    [
      "--cluster",
      "\"100\""
    ],
    [
      "--db_uri",
      "\"s3://tiledb-andrew/sift/sift_base\""
    ],
    [
      "--debug",
      "true"
    ],
    [
      "--groundtruth_uri",
      "\"s3://tiledb-andrew/sift/sift_groundtruth\""
    ],
    [
      "--help",
      "false"
    ],
    [
      "--ids_uri",
      "\"s3://tiledb-nikos/vector-search/andrew/sift-base-1m-2000p/ids.tdb\""
    ],
    [
      "--index_uri",
      "\"s3://tiledb-nikos/vector-search/andrew/sift-base-1m-2000p/index.tdb\""
    ],
    [
      "--k",
      "\"10\""
    ],
    [
      "--log",
      "\"ivf-shakedown.log\""
    ],
    [
      "--ndb",
      "\"0\""
    ],
    [
      "--nqueries",
      "\"0\""
    ],
    [
      "--nth",
      "false"
    ],
    [
      "--nthreads",
      "\"0\""
    ],
    [
      "--output_uri",
      "null"
    ],
    [
      "--parts_uri",
      "\"s3://tiledb-nikos/vector-search/andrew/sift-base-1m-2000p/parts.tdb\""
    ],
    [
      "--query_uri",
      "\"s3://tiledb-andrew/sift/sift_query\""
    ],
    [
      "--region",
      "\"us-east-1\""
    ],
    [
      "--verbose",
      "true"
    ]
  ],
  "Config": {
    "Build": "Release",
    "Build_date": "2023-05-26 04:54:17",
    "Compiler": {
      "CMAKE_CXX_FLAGS": "-Wall -Wno-unused-variable ",
      "CMAKE_CXX_FLAGS_DEBUG": "-O0 -g -fno-elide-constructors  ",
      "CMAKE_CXX_FLAGS_RELEASE": "-Ofast -march=native -DNDEBUG ",
      "CMAKE_CXX_FLAGS_RELWITHDEBINFO": "-Ofast -g -march=native -DNDEBUG",
      "CXX_COMPILER": "/usr/bin/clang++-14",
      "CXX_COMPILER_ID": "Clang",
      "CXX_VERSION": "14.0.0"
    },
    "GIT_REPO": {
      "GIT_BRANCH": "lums/tmp/queries",
      "GIT_COMMIT_DATE": "2023-05-25",
      "GIT_COMMIT_HASH": "3773d22",
      "GIT_COMMIT_TIME": "21:49:33",
      "GIT_REPO_NAME": "feature-vector-prototype",
      "GIT_REPO_URL": "git@github.com:TileDB-Inc/feature-vector-prototype.git"
    },
    "Program": "/home/lums/feature-vector-prototype/experimental/cmake-build-release/src/ivf_hack",
    "Run_date": "Fri May 26 07:20:04 2023",
    "cmake_source_dir": "/home/lums/feature-vector-prototype/experimental",
    "host": "ip-172-31-0-97",
    "tiledb_version": {
      "major": 2,
      "minor": 15,
      "patch": 2
    },
    "uuid": "fimuglsfndzcduezobqwbnqa"
  },
  "Recalls": {
    "queries_in_groundtruth": 19274,
    "total_queries": 100000
  },
  "Times": {
    "Total time blocked query gemm": 899.0,
    "query_time": 8594.0,
    "read matrix s3://tiledb-andrew/sift/sift_base": 1657.0,
    "read matrix s3://tiledb-andrew/sift/sift_groundtruth": 230.0,
    "read matrix s3://tiledb-andrew/sift/sift_query": 152.0,
    "read matrix s3://tiledb-nikos/vector-search/andrew/sift-base-1m-2000p/centroids.tdb": 99.0,
    "read matrix s3://tiledb-nikos/vector-search/andrew/sift-base-1m-2000p/parts.tdb": 2286.0,
    "read vector s3://tiledb-nikos/vector-search/andrew/sift-base-1m-2000p/ids.tdb": 965.0,
    "read vector s3://tiledb-nikos/vector-search/andrew/sift-base-1m-2000p/index.tdb": 97.0
  }
}
{
  "Args": [
    [
      "--blocksize",
      "\"0\""
    ],
    [
      "--centroids_uri",
      "\"s3://tiledb-nikos/vector-search/andrew/sift-base-1m-2000p/centroids.tdb\""
    ],
    [
      "--cluster",
      "\"100\""
    ],
    [
      "--db_uri",
      "\"s3://tiledb-andrew/sift/sift_base\""
    ],
    [
      "--debug",
      "true"
    ],
    [
      "--groundtruth_uri",
      "\"s3://tiledb-andrew/sift/sift_groundtruth\""
    ],
    [
      "--help",
      "false"
    ],
    [
      "--ids_uri",
      "\"s3://tiledb-nikos/vector-search/andrew/sift-base-1m-2000p/ids.tdb\""
    ],
    [
      "--index_uri",
      "\"s3://tiledb-nikos/vector-search/andrew/sift-base-1m-2000p/index.tdb\""
    ],
    [
      "--k",
      "\"10\""
    ],
    [
      "--log",
      "\"ivf-shakedown.log\""
    ],
    [
      "--ndb",
      "\"0\""
    ],
    [
      "--nqueries",
      "\"0\""
    ],
    [
      "--nth",
      "false"
    ],
    [
      "--nthreads",
      "\"0\""
    ],
    [
      "--output_uri",
      "null"
    ],
    [
      "--parts_uri",
      "\"s3://tiledb-nikos/vector-search/andrew/sift-base-1m-2000p/parts.tdb\""
    ],
    [
      "--query_uri",
      "\"s3://tiledb-andrew/sift/sift_query\""
    ],
    [
      "--region",
      "\"us-east-1\""
    ],
    [
      "--verbose",
      "true"
    ]
  ],
  "Config": {
    "Build": "Release",
    "Build_date": "2023-05-26 04:54:17",
    "Compiler": {
      "CMAKE_CXX_FLAGS": "-Wall -Wno-unused-variable ",
      "CMAKE_CXX_FLAGS_DEBUG": "-O0 -g -fno-elide-constructors  ",
      "CMAKE_CXX_FLAGS_RELEASE": "-Ofast -march=native -DNDEBUG ",
      "CMAKE_CXX_FLAGS_RELWITHDEBINFO": "-Ofast -g -march=native -DNDEBUG",
      "CXX_COMPILER": "/usr/bin/clang++-14",
      "CXX_COMPILER_ID": "Clang",
      "CXX_VERSION": "14.0.0"
    },
    "GIT_REPO": {
      "GIT_BRANCH": "lums/tmp/queries",
      "GIT_COMMIT_DATE": "2023-05-25",
      "GIT_COMMIT_HASH": "3773d22",
      "GIT_COMMIT_TIME": "21:49:33",
      "GIT_REPO_NAME": "feature-vector-prototype",
      "GIT_REPO_URL": "git@github.com:TileDB-Inc/feature-vector-prototype.git"
    },
    "Program": "/home/lums/feature-vector-prototype/experimental/cmake-build-release/src/ivf_hack",
    "Run_date": "Fri May 26 14:36:17 2023",
    "cmake_source_dir": "/home/lums/feature-vector-prototype/experimental",
    "host": "ip-172-31-0-97",
    "tiledb_version": {
      "major": 2,
      "minor": 15,
      "patch": 2
    },
    "uuid": "tighshstfhgjkabwhjyinild"
  },
  "Recalls": {
    "queries_in_groundtruth": 19274,
    "total_queries": 100000
  },
  "Times": {
    "Total time blocked query gemm": 549.0,
    "query_time": 5206.0,
    "read matrix s3://tiledb-andrew/sift/sift_base": 1452.0,
    "read matrix s3://tiledb-andrew/sift/sift_groundtruth": 233.0,
    "read matrix s3://tiledb-andrew/sift/sift_query": 228.0,
    "read matrix s3://tiledb-nikos/vector-search/andrew/sift-base-1m-2000p/centroids.tdb": 87.0,
    "read matrix s3://tiledb-nikos/vector-search/andrew/sift-base-1m-2000p/parts.tdb": 2127.0,
    "read vector s3://tiledb-nikos/vector-search/andrew/sift-base-1m-2000p/ids.tdb": 656.0,
    "read vector s3://tiledb-nikos/vector-search/andrew/sift-base-1m-2000p/index.tdb": 119.0
  }
}
{
  "Args": [
    [
      "--blocksize",
      "\"0\""
    ],
    [
      "--centroids_uri",
      "\"s3://tiledb-nikos/vector-search/andrew/sift-base-1m-2000p/centroids.tdb\""
    ],
    [
      "--cluster",
      "\"100\""
    ],
    [
      "--db_uri",
      "\"s3://tiledb-andrew/sift/sift_base\""
    ],
    [
      "--debug",
      "true"
    ],
    [
      "--groundtruth_uri",
      "\"s3://tiledb-andrew/sift/sift_groundtruth\""
    ],
    [
      "--help",
      "false"
    ],
    [
      "--ids_uri",
      "\"s3://tiledb-nikos/vector-search/andrew/sift-base-1m-2000p/ids.tdb\""
    ],
    [
      "--index_uri",
      "\"s3://tiledb-nikos/vector-search/andrew/sift-base-1m-2000p/index.tdb\""
    ],
    [
      "--k",
      "\"10\""
    ],
    [
      "--log",
      "\"ivf-shakedown.log\""
    ],
    [
      "--ndb",
      "\"0\""
    ],
    [
      "--nqueries",
      "\"0\""
    ],
    [
      "--nth",
      "false"
    ],
    [
      "--nthreads",
      "\"0\""
    ],
    [
      "--output_uri",
      "null"
    ],
    [
      "--parts_uri",
      "\"s3://tiledb-nikos/vector-search/andrew/sift-base-1m-2000p/parts.tdb\""
    ],
    [
      "--query_uri",
      "\"s3://tiledb-andrew/sift/sift_query\""
    ],
    [
      "--region",
      "\"us-east-1\""
    ],
    [
      "--verbose",
      "true"
    ]
  ],
  "Config": {
    "Build": "Release",
    "Build_date": "2023-05-26 04:54:17",
    "Compiler": {
      "CMAKE_CXX_FLAGS": "-Wall -Wno-unused-variable ",
      "CMAKE_CXX_FLAGS_DEBUG": "-O0 -g -fno-elide-constructors  ",
      "CMAKE_CXX_FLAGS_RELEASE": "-Ofast -march=native -DNDEBUG ",
      "CMAKE_CXX_FLAGS_RELWITHDEBINFO": "-Ofast -g -march=native -DNDEBUG",
      "CXX_COMPILER": "/usr/bin/clang++-14",
      "CXX_COMPILER_ID": "Clang",
      "CXX_VERSION": "14.0.0"
    },
    "GIT_REPO": {
      "GIT_BRANCH": "lums/tmp/queries",
      "GIT_COMMIT_DATE": "2023-05-25",
      "GIT_COMMIT_HASH": "3773d22",
      "GIT_COMMIT_TIME": "21:49:33",
      "GIT_REPO_NAME": "feature-vector-prototype",
      "GIT_REPO_URL": "git@github.com:TileDB-Inc/feature-vector-prototype.git"
    },
    "Program": "/home/lums/feature-vector-prototype/experimental/cmake-build-release/src/ivf_hack",
    "Run_date": "Fri May 26 14:41:30 2023",
    "cmake_source_dir": "/home/lums/feature-vector-prototype/experimental",
    "host": "ip-172-31-0-97",
    "tiledb_version": {
      "major": 2,
      "minor": 15,
      "patch": 2
    },
    "uuid": "uepkeixjobujpmshzvanjubj"
  },
  "Recalls": {
    "queries_in_groundtruth": 19274,
    "total_queries": 100000
  },
  "Times": {
    "Total time blocked query gemm": 517.0,
    "query_time": 4270.0,
    "read matrix s3://tiledb-andrew/sift/sift_base": 1243.0,
    "read matrix s3://tiledb-andrew/sift/sift_groundtruth": 189.0,
    "read matrix s3://tiledb-andrew/sift/sift_query": 174.0,
    "read matrix s3://tiledb-nikos/vector-search/andrew/sift-base-1m-2000p/centroids.tdb": 120.0,
    "read matrix s3://tiledb-nikos/vector-search/andrew/sift-base-1m-2000p/parts.tdb": 1798.0,
    "read vector s3://tiledb-nikos/vector-search/andrew/sift-base-1m-2000p/ids.tdb": 482.0,
    "read vector s3://tiledb-nikos/vector-search/andrew/sift-base-1m-2000p/index.tdb": 63.0
  }
}
{
  "Args": [
    [
      "--blocksize",
      "\"0\""
    ],
    [
      "--centroids_uri",
      "\"s3://tiledb-nikos/vector-search/andrew/sift-base-1m-2000p/centroids.tdb\""
    ],
    [
      "--cluster",
      "\"100\""
    ],
    [
      "--db_uri",
      "\"s3://tiledb-andrew/sift/sift_base\""
    ],
    [
      "--debug",
      "true"
    ],
    [
      "--groundtruth_uri",
      "\"s3://tiledb-andrew/sift/sift_groundtruth\""
    ],
    [
      "--help",
      "false"
    ],
    [
      "--ids_uri",
      "\"s3://tiledb-nikos/vector-search/andrew/sift-base-1m-2000p/ids.tdb\""
    ],
    [
      "--index_uri",
      "\"s3://tiledb-nikos/vector-search/andrew/sift-base-1m-2000p/index.tdb\""
    ],
    [
      "--k",
      "\"10\""
    ],
    [
      "--log",
      "\"ivf-shakedown.log\""
    ],
    [
      "--ndb",
      "\"0\""
    ],
    [
      "--nqueries",
      "\"0\""
    ],
    [
      "--nth",
      "false"
    ],
    [
      "--nthreads",
      "\"0\""
    ],
    [
      "--output_uri",
      "null"
    ],
    [
      "--parts_uri",
      "\"s3://tiledb-nikos/vector-search/andrew/sift-base-1m-2000p/parts.tdb\""
    ],
    [
      "--query_uri",
      "\"s3://tiledb-andrew/sift/sift_query\""
    ],
    [
      "--region",
      "\"us-east-1\""
    ],
    [
      "--verbose",
      "true"
    ]
  ],
  "Config": {
    "Build": "Release",
    "Build_date": "2023-05-26 04:54:17",
    "Compiler": {
      "CMAKE_CXX_FLAGS": "-Wall -Wno-unused-variable ",
      "CMAKE_CXX_FLAGS_DEBUG": "-O0 -g -fno-elide-constructors  ",
      "CMAKE_CXX_FLAGS_RELEASE": "-Ofast -march=native -DNDEBUG ",
      "CMAKE_CXX_FLAGS_RELWITHDEBINFO": "-Ofast -g -march=native -DNDEBUG",
      "CXX_COMPILER": "/usr/bin/clang++-14",
      "CXX_COMPILER_ID": "Clang",
      "CXX_VERSION": "14.0.0"
    },
    "GIT_REPO": {
      "GIT_BRANCH": "lums/tmp/queries",
      "GIT_COMMIT_DATE": "2023-05-25",
      "GIT_COMMIT_HASH": "3773d22",
      "GIT_COMMIT_TIME": "21:49:33",
      "GIT_REPO_NAME": "feature-vector-prototype",
      "GIT_REPO_URL": "git@github.com:TileDB-Inc/feature-vector-prototype.git"
    },
    "Program": "/home/lums/feature-vector-prototype/experimental/cmake-build-release/src/ivf_hack",
    "Run_date": "Fri May 26 14:42:18 2023",
    "cmake_source_dir": "/home/lums/feature-vector-prototype/experimental",
    "host": "ip-172-31-0-97",
    "tiledb_version": {
      "major": 2,
      "minor": 15,
      "patch": 2
    },
    "uuid": "gxpmfikvcsuhdiwjovqiatji"
  },
  "Recalls": {
    "queries_in_groundtruth": 19274,
    "total_queries": 100000
  },
  "Times": {
    "Total time blocked query gemm": 517.0,
    "query_time": 3248.0,
    "read matrix s3://tiledb-andrew/sift/sift_base": 942.0,
    "read matrix s3://tiledb-andrew/sift/sift_groundtruth": 95.0,
    "read matrix s3://tiledb-andrew/sift/sift_query": 158.0,
    "read matrix s3://tiledb-nikos/vector-search/andrew/sift-base-1m-2000p/centroids.tdb": 67.0,
    "read matrix s3://tiledb-nikos/vector-search/andrew/sift-base-1m-2000p/parts.tdb": 1084.0,
    "read vector s3://tiledb-nikos/vector-search/andrew/sift-base-1m-2000p/ids.tdb": 306.0,
    "read vector s3://tiledb-nikos/vector-search/andrew/sift-base-1m-2000p/index.tdb": 47.0
  }
}
{
  "Args": [
    [
      "--blocksize",
      "\"0\""
    ],
    [
      "--centroids_uri",
      "\"s3://tiledb-nikos/vector-search/andrew/sift-base-1m-2000p/centroids.tdb\""
    ],
    [
      "--cluster",
      "\"100\""
    ],
    [
      "--db_uri",
      "\"s3://tiledb-andrew/sift/sift_base\""
    ],
    [
      "--debug",
      "true"
    ],
    [
      "--groundtruth_uri",
      "\"s3://tiledb-andrew/sift/sift_groundtruth\""
    ],
    [
      "--help",
      "false"
    ],
    [
      "--ids_uri",
      "\"s3://tiledb-nikos/vector-search/andrew/sift-base-1m-2000p/ids.tdb\""
    ],
    [
      "--index_uri",
      "\"s3://tiledb-nikos/vector-search/andrew/sift-base-1m-2000p/index.tdb\""
    ],
    [
      "--k",
      "\"10\""
    ],
    [
      "--log",
      "\"ivf-shakedown.log\""
    ],
    [
      "--ndb",
      "\"0\""
    ],
    [
      "--nqueries",
      "\"0\""
    ],
    [
      "--nth",
      "false"
    ],
    [
      "--nthreads",
      "\"0\""
    ],
    [
      "--output_uri",
      "null"
    ],
    [
      "--parts_uri",
      "\"s3://tiledb-nikos/vector-search/andrew/sift-base-1m-2000p/parts.tdb\""
    ],
    [
      "--query_uri",
      "\"s3://tiledb-andrew/sift/sift_query\""
    ],
    [
      "--region",
      "\"us-east-1\""
    ],
    [
      "--verbose",
      "true"
    ]
  ],
  "Config": {
    "Build": "Release",
    "Build_date": "2023-05-26 04:54:17",
    "Compiler": {
      "CMAKE_CXX_FLAGS": "-Wall -Wno-unused-variable ",
      "CMAKE_CXX_FLAGS_DEBUG": "-O0 -g -fno-elide-constructors  ",
      "CMAKE_CXX_FLAGS_RELEASE": "-Ofast -march=native -DNDEBUG ",
      "CMAKE_CXX_FLAGS_RELWITHDEBINFO": "-Ofast -g -march=native -DNDEBUG",
      "CXX_COMPILER": "/usr/bin/clang++-14",
      "CXX_COMPILER_ID": "Clang",
      "CXX_VERSION": "14.0.0"
    },
    "GIT_REPO": {
      "GIT_BRANCH": "lums/tmp/queries",
      "GIT_COMMIT_DATE": "2023-05-25",
      "GIT_COMMIT_HASH": "3773d22",
      "GIT_COMMIT_TIME": "21:49:33",
      "GIT_REPO_NAME": "feature-vector-prototype",
      "GIT_REPO_URL": "git@github.com:TileDB-Inc/feature-vector-prototype.git"
    },
    "Program": "/home/lums/feature-vector-prototype/experimental/cmake-build-release/src/ivf_hack",
    "Run_date": "Fri May 26 14:46:04 2023",
    "cmake_source_dir": "/home/lums/feature-vector-prototype/experimental",
    "host": "ip-172-31-0-97",
    "tiledb_version": {
      "major": 2,
      "minor": 15,
      "patch": 2
    },
    "uuid": "unokpelkzsmkoeshoeexnvqj"
  },
  "Recalls": {
    "queries_in_groundtruth": 19274,
    "total_queries": 100000
  },
  "Times": {
    "Total time blocked query gemm": 547.0,
    "query_time": 3610.0,
    "read matrix s3://tiledb-andrew/sift/sift_base": 1272.0,
    "read matrix s3://tiledb-andrew/sift/sift_groundtruth": 172.0,
    "read matrix s3://tiledb-andrew/sift/sift_query": 147.0,
    "read matrix s3://tiledb-nikos/vector-search/andrew/sift-base-1m-2000p/centroids.tdb": 101.0,
    "read matrix s3://tiledb-nikos/vector-search/andrew/sift-base-1m-2000p/parts.tdb": 1345.0,
    "read vector s3://tiledb-nikos/vector-search/andrew/sift-base-1m-2000p/ids.tdb": 372.0,
    "read vector s3://tiledb-nikos/vector-search/andrew/sift-base-1m-2000p/index.tdb": 61.0
  }
}
{
  "Args": [
    [
      "--blocksize",
      "\"0\""
    ],
    [
      "--centroids_uri",
      "\"s3://tiledb-nikos/vector-search/andrew/sift-base-10m-1000p/centroids.tdb\""
    ],
    [
      "--cluster",
      "\"100\""
    ],
    [
      "--db_uri",
      "\"s3://tiledb-andrew/sift/sift_base\""
    ],
    [
      "--debug",
      "true"
    ],
    [
      "--groundtruth_uri",
      "\"s3://tiledb-andrew/sift/sift_groundtruth\""
    ],
    [
      "--help",
      "false"
    ],
    [
      "--ids_uri",
      "\"s3://tiledb-nikos/vector-search/andrew/sift-base-10m-1000p/ids.tdb\""
    ],
    [
      "--index_uri",
      "\"s3://tiledb-nikos/vector-search/andrew/sift-base-10m-1000p/index.tdb\""
    ],
    [
      "--k",
      "\"10\""
    ],
    [
      "--log",
      "\"ivf-shakedown.log\""
    ],
    [
      "--ndb",
      "\"0\""
    ],
    [
      "--nqueries",
      "\"0\""
    ],
    [
      "--nth",
      "false"
    ],
    [
      "--nthreads",
      "\"0\""
    ],
    [
      "--output_uri",
      "null"
    ],
    [
      "--parts_uri",
      "\"s3://tiledb-nikos/vector-search/andrew/sift-base-10m-1000p/parts.tdb\""
    ],
    [
      "--query_uri",
      "\"s3://tiledb-andrew/sift/sift_query\""
    ],
    [
      "--region",
      "\"us-east-1\""
    ],
    [
      "--verbose",
      "true"
    ]
  ],
  "Config": {
    "Build": "Release",
    "Build_date": "2023-05-26 04:54:17",
    "Compiler": {
      "CMAKE_CXX_FLAGS": "-Wall -Wno-unused-variable ",
      "CMAKE_CXX_FLAGS_DEBUG": "-O0 -g -fno-elide-constructors  ",
      "CMAKE_CXX_FLAGS_RELEASE": "-Ofast -march=native -DNDEBUG ",
      "CMAKE_CXX_FLAGS_RELWITHDEBINFO": "-Ofast -g -march=native -DNDEBUG",
      "CXX_COMPILER": "/usr/bin/clang++-14",
      "CXX_COMPILER_ID": "Clang",
      "CXX_VERSION": "14.0.0"
    },
    "GIT_REPO": {
      "GIT_BRANCH": "lums/tmp/queries",
      "GIT_COMMIT_DATE": "2023-05-25",
      "GIT_COMMIT_HASH": "3773d22",
      "GIT_COMMIT_TIME": "21:49:33",
      "GIT_REPO_NAME": "feature-vector-prototype",
      "GIT_REPO_URL": "git@github.com:TileDB-Inc/feature-vector-prototype.git"
    },
    "Program": "/home/lums/feature-vector-prototype/experimental/cmake-build-release/src/ivf_hack",
    "Run_date": "Fri May 26 14:46:24 2023",
    "cmake_source_dir": "/home/lums/feature-vector-prototype/experimental",
    "host": "ip-172-31-0-97",
    "tiledb_version": {
      "major": 2,
      "minor": 15,
      "patch": 2
    },
    "uuid": "itvqtvfcgsrgiebamlvnqbup"
  },
  "Recalls": {
    "queries_in_groundtruth": 4,
    "total_queries": 100000
  },
  "Times": {
    "Total time blocked query gemm": 8566.0,
    "query_time": 17861.0,
    "read matrix s3://tiledb-andrew/sift/sift_base": 804.0,
    "read matrix s3://tiledb-andrew/sift/sift_groundtruth": 102.0,
    "read matrix s3://tiledb-andrew/sift/sift_query": 87.0,
    "read matrix s3://tiledb-nikos/vector-search/andrew/sift-base-10m-1000p/centroids.tdb": 95.0,
    "read matrix s3://tiledb-nikos/vector-search/andrew/sift-base-10m-1000p/parts.tdb": 6222.0,
    "read vector s3://tiledb-nikos/vector-search/andrew/sift-base-10m-1000p/ids.tdb": 1051.0,
    "read vector s3://tiledb-nikos/vector-search/andrew/sift-base-10m-1000p/index.tdb": 68.0
  }
}
{
  "Args": [
    [
      "--blocksize",
      "\"0\""
    ],
    [
      "--centroids_uri",
      "\"s3://tiledb-nikos/vector-search/andrew/sift-base-100m-10000p/centroids.tdb\""
    ],
    [
      "--cluster",
      "\"100\""
    ],
    [
      "--db_uri",
      "\"s3://tiledb-andrew/sift/sift_base\""
    ],
    [
      "--debug",
      "true"
    ],
    [
      "--groundtruth_uri",
      "\"s3://tiledb-andrew/sift/sift_groundtruth\""
    ],
    [
      "--help",
      "false"
    ],
    [
      "--ids_uri",
      "\"s3://tiledb-nikos/vector-search/andrew/sift-base-100m-10000p/ids.tdb\""
    ],
    [
      "--index_uri",
      "\"s3://tiledb-nikos/vector-search/andrew/sift-base-100m-10000p/index.tdb\""
    ],
    [
      "--k",
      "\"10\""
    ],
    [
      "--log",
      "\"ivf-shakedown.log\""
    ],
    [
      "--ndb",
      "\"0\""
    ],
    [
      "--nqueries",
      "\"0\""
    ],
    [
      "--nth",
      "false"
    ],
    [
      "--nthreads",
      "\"0\""
    ],
    [
      "--output_uri",
      "null"
    ],
    [
      "--parts_uri",
      "\"s3://tiledb-nikos/vector-search/andrew/sift-base-100m-10000p/parts.tdb\""
    ],
    [
      "--query_uri",
      "\"s3://tiledb-andrew/sift/sift_query\""
    ],
    [
      "--region",
      "\"us-east-1\""
    ],
    [
      "--verbose",
      "true"
    ]
  ],
  "Config": {
    "Build": "Release",
    "Build_date": "2023-05-26 04:54:17",
    "Compiler": {
      "CMAKE_CXX_FLAGS": "-Wall -Wno-unused-variable ",
      "CMAKE_CXX_FLAGS_DEBUG": "-O0 -g -fno-elide-constructors  ",
      "CMAKE_CXX_FLAGS_RELEASE": "-Ofast -march=native -DNDEBUG ",
      "CMAKE_CXX_FLAGS_RELWITHDEBINFO": "-Ofast -g -march=native -DNDEBUG",
      "CXX_COMPILER": "/usr/bin/clang++-14",
      "CXX_COMPILER_ID": "Clang",
      "CXX_VERSION": "14.0.0"
    },
    "GIT_REPO": {
      "GIT_BRANCH": "lums/tmp/queries",
      "GIT_COMMIT_DATE": "2023-05-25",
      "GIT_COMMIT_HASH": "3773d22",
      "GIT_COMMIT_TIME": "21:49:33",
      "GIT_REPO_NAME": "feature-vector-prototype",
      "GIT_REPO_URL": "git@github.com:TileDB-Inc/feature-vector-prototype.git"
    },
    "Program": "/home/lums/feature-vector-prototype/experimental/cmake-build-release/src/ivf_hack",
    "Run_date": "Fri May 26 14:47:37 2023",
    "cmake_source_dir": "/home/lums/feature-vector-prototype/experimental",
    "host": "ip-172-31-0-97",
    "tiledb_version": {
      "major": 2,
      "minor": 15,
      "patch": 2
    },
    "uuid": "rpyxybdfdhubztklpsecfylg"
  },
  "Recalls": {
    "queries_in_groundtruth": 2,
    "total_queries": 100000
  },
  "Times": {
    "Total time blocked query gemm": 6970.0,
    "query_time": 71902.0,
    "read matrix s3://tiledb-andrew/sift/sift_base": 631.0,
    "read matrix s3://tiledb-andrew/sift/sift_groundtruth": 162.0,
    "read matrix s3://tiledb-andrew/sift/sift_query": 112.0,
    "read matrix s3://tiledb-nikos/vector-search/andrew/sift-base-100m-10000p/centroids.tdb": 238.0,
    "read matrix s3://tiledb-nikos/vector-search/andrew/sift-base-100m-10000p/parts.tdb": 56451.0,
    "read vector s3://tiledb-nikos/vector-search/andrew/sift-base-100m-10000p/ids.tdb": 3527.0,
    "read vector s3://tiledb-nikos/vector-search/andrew/sift-base-100m-10000p/index.tdb": 95.0
  }
}
